<!DOCTYPE html>

<html>
  <head>
  <meta charset='utf-8'>
  <title>TestNG reports</title>

    <link type="text/css" href="testng-reports1.css" rel="stylesheet" id="ultra" />
    <link type="text/css" href="testng-reports.css" rel="stylesheet" id="retro" disabled="false"/>
    <script type="text/javascript" src="jquery-3.4.1.min.js"></script>
    <script type="text/javascript" src="testng-reports.js"></script>
    <script type="text/javascript" src="https://www.google.com/jsapi"></script>
    <script type='text/javascript'>
      google.load('visualization', '1', {packages:['table']});
      google.setOnLoadCallback(drawTable);
      var suiteTableInitFunctions = new Array();
      var suiteTableData = new Array();
    </script>
    <!--
      <script type="text/javascript" src="jquery-ui/js/jquery-ui-1.8.16.custom.min.js"></script>
     -->
  </head>

  <body>
    <div class="top-banner-root">
      <span class="top-banner-title-font">Test results</span>
      <button id="button" class="button">Switch Retro Theme</button> <!-- button -->
      <br/>
      <span class="top-banner-font-1">1 suite, 2 failed tests</span>
    </div> <!-- top-banner-root -->
    <div class="navigator-root">
      <div class="navigator-suite-header">
        <span>All suites</span>
        <a href="#" title="Collapse/expand all the suites" class="collapse-all-link">
          <img src="collapseall.gif" class="collapse-all-icon">
          </img> <!-- collapse-all-icon -->
        </a> <!-- collapse-all-link -->
      </div> <!-- navigator-suite-header -->
      <div class="suite">
        <div class="rounded-window">
          <div class="suite-header light-rounded-window-top">
            <a href="#" panel-name="suite-Default_suite" class="navigator-link">
              <span class="suite-name border-failed">Default suite</span>
            </a> <!-- navigator-link -->
          </div> <!-- suite-header light-rounded-window-top -->
          <div class="navigator-suite-content">
            <div class="suite-section-title">
              <span>Info</span>
            </div> <!-- suite-section-title -->
            <div class="suite-section-content">
              <ul>
                <li>
                  <a href="#" panel-name="test-xml-Default_suite" class="navigator-link ">
                    <span>testng-customsuite.xml</span>
                  </a> <!-- navigator-link  -->
                </li>
                <li>
                  <a href="#" panel-name="testlist-Default_suite" class="navigator-link ">
                    <span class="test-stats">1 test</span>
                  </a> <!-- navigator-link  -->
                </li>
                <li>
                  <a href="#" panel-name="group-Default_suite" class="navigator-link ">
                    <span>0 groups</span>
                  </a> <!-- navigator-link  -->
                </li>
                <li>
                  <a href="#" panel-name="times-Default_suite" class="navigator-link ">
                    <span>Times</span>
                  </a> <!-- navigator-link  -->
                </li>
                <li>
                  <a href="#" panel-name="reporter-Default_suite" class="navigator-link ">
                    <span>Reporter output</span>
                  </a> <!-- navigator-link  -->
                </li>
                <li>
                  <a href="#" panel-name="ignored-methods-Default_suite" class="navigator-link ">
                    <span>Ignored methods</span>
                  </a> <!-- navigator-link  -->
                </li>
                <li>
                  <a href="#" panel-name="chronological-Default_suite" class="navigator-link ">
                    <span>Chronological view</span>
                  </a> <!-- navigator-link  -->
                </li>
              </ul>
            </div> <!-- suite-section-content -->
            <div class="result-section">
              <div class="suite-section-title">
                <span>Results</span>
              </div> <!-- suite-section-title -->
              <div class="suite-section-content">
                <ul>
                  <li>
                    <span class="method-stats">26 methods, 2 failed,  15 skipped,  9 passed</span>
                  </li>
                  <li>
                    <span class="method-list-title failed">Failed methods</span>
                    <span class="show-or-hide-methods failed">
                      <a href="#" panel-name="suite-Default_suite" class="hide-methods failed suite-Default_suite"> (hide)</a> <!-- hide-methods failed suite-Default_suite -->
                      <a href="#" panel-name="suite-Default_suite" class="show-methods failed suite-Default_suite"> (show)</a> <!-- show-methods failed suite-Default_suite -->
                    </span>
                    <div class="method-list-content failed suite-Default_suite">
                      <span>
                        <img src="failed.png" width="3%"/>
                        <a href="#" panel-name="suite-Default_suite" title="com.myapp.spring.NumberSubscriberVerification" class="method navigator-link" hash-for-method="required_spec205_blackbox_mustCallSubscriptionCancelIfItAlreadyHasAnSubscriptionAndReceivesAnotherOnSubscribeSignal">required_spec205_blackbox_mustCallSubscriptionCancelIfItAlreadyHasAnSubscriptionAndReceivesAnotherOnSubscribeSignal</a> <!-- method navigator-link -->
                      </span>
                      <br/>
                      <span>
                        <img src="failed.png" width="3%"/>
                        <a href="#" panel-name="suite-Default_suite" title="com.myapp.spring.NumberSubscriberVerification" class="method navigator-link" hash-for-method="required_spec213_blackbox_onNext_mustThrowNullPointerExceptionWhenParametersAreNull">required_spec213_blackbox_onNext_mustThrowNullPointerExceptionWhenParametersAreNull</a> <!-- method navigator-link -->
                      </span>
                      <br/>
                    </div> <!-- method-list-content failed suite-Default_suite -->
                  </li>
                  <li>
                    <span class="method-list-title skipped">Skipped methods</span>
                    <span class="show-or-hide-methods skipped">
                      <a href="#" panel-name="suite-Default_suite" class="hide-methods skipped suite-Default_suite"> (hide)</a> <!-- hide-methods skipped suite-Default_suite -->
                      <a href="#" panel-name="suite-Default_suite" class="show-methods skipped suite-Default_suite"> (show)</a> <!-- show-methods skipped suite-Default_suite -->
                    </span>
                    <div class="method-list-content skipped suite-Default_suite">
                      <span>
                        <img src="skipped.png" width="3%"/>
                        <a href="#" panel-name="suite-Default_suite" title="com.myapp.spring.NumberSubscriberVerification" class="method navigator-link" hash-for-method="untested_spec202_blackbox_shouldAsynchronouslyDispatch">untested_spec202_blackbox_shouldAsynchronouslyDispatch</a> <!-- method navigator-link -->
                      </span>
                      <br/>
                      <span>
                        <img src="skipped.png" width="3%"/>
                        <a href="#" panel-name="suite-Default_suite" title="com.myapp.spring.NumberSubscriberVerification" class="method navigator-link" hash-for-method="untested_spec204_blackbox_mustConsiderTheSubscriptionAsCancelledInAfterRecievingOnCompleteOrOnError">untested_spec204_blackbox_mustConsiderTheSubscriptionAsCancelledInAfterRecievingOnCompleteOrOnError</a> <!-- method navigator-link -->
                      </span>
                      <br/>
                      <span>
                        <img src="skipped.png" width="3%"/>
                        <a href="#" panel-name="suite-Default_suite" title="com.myapp.spring.NumberSubscriberVerification" class="method navigator-link" hash-for-method="untested_spec206_blackbox_mustCallSubscriptionCancelIfItIsNoLongerValid">untested_spec206_blackbox_mustCallSubscriptionCancelIfItIsNoLongerValid</a> <!-- method navigator-link -->
                      </span>
                      <br/>
                      <span>
                        <img src="skipped.png" width="3%"/>
                        <a href="#" panel-name="suite-Default_suite" title="com.myapp.spring.NumberSubscriberVerification" class="method navigator-link" hash-for-method="untested_spec207_blackbox_mustEnsureAllCallsOnItsSubscriptionTakePlaceFromTheSameThreadOrTakeCareOfSynchronization">untested_spec207_blackbox_mustEnsureAllCallsOnItsSubscriptionTakePlaceFromTheSameThreadOrTakeCareOfSynchronization</a> <!-- method navigator-link -->
                      </span>
                      <br/>
                      <span>
                        <img src="skipped.png" width="3%"/>
                        <a href="#" panel-name="suite-Default_suite" title="com.myapp.spring.NumberSubscriberVerification" class="method navigator-link" hash-for-method="untested_spec208_blackbox_mustBePreparedToReceiveOnNextSignalsAfterHavingCalledSubscriptionCancel">untested_spec208_blackbox_mustBePreparedToReceiveOnNextSignalsAfterHavingCalledSubscriptionCancel</a> <!-- method navigator-link -->
                      </span>
                      <br/>
                      <span>
                        <img src="skipped.png" width="3%"/>
                        <a href="#" panel-name="suite-Default_suite" title="com.myapp.spring.NumberSubscriberVerification" class="method navigator-link" hash-for-method="untested_spec211_blackbox_mustMakeSureThatAllCallsOnItsMethodsHappenBeforeTheProcessingOfTheRespectiveEvents">untested_spec211_blackbox_mustMakeSureThatAllCallsOnItsMethodsHappenBeforeTheProcessingOfTheRespectiveEvents</a> <!-- method navigator-link -->
                      </span>
                      <br/>
                      <span>
                        <img src="skipped.png" width="3%"/>
                        <a href="#" panel-name="suite-Default_suite" title="com.myapp.spring.NumberSubscriberVerification" class="method navigator-link" hash-for-method="untested_spec212_blackbox_mustNotCallOnSubscribeMoreThanOnceBasedOnObjectEquality">untested_spec212_blackbox_mustNotCallOnSubscribeMoreThanOnceBasedOnObjectEquality</a> <!-- method navigator-link -->
                      </span>
                      <br/>
                      <span>
                        <img src="skipped.png" width="3%"/>
                        <a href="#" panel-name="suite-Default_suite" title="com.myapp.spring.NumberSubscriberVerification" class="method navigator-link" hash-for-method="untested_spec213_blackbox_failingOnSignalInvocation">untested_spec213_blackbox_failingOnSignalInvocation</a> <!-- method navigator-link -->
                      </span>
                      <br/>
                      <span>
                        <img src="skipped.png" width="3%"/>
                        <a href="#" panel-name="suite-Default_suite" title="com.myapp.spring.NumberSubscriberVerification" class="method navigator-link" hash-for-method="untested_spec301_blackbox_mustNotBeCalledOutsideSubscriberContext">untested_spec301_blackbox_mustNotBeCalledOutsideSubscriberContext</a> <!-- method navigator-link -->
                      </span>
                      <br/>
                      <span>
                        <img src="skipped.png" width="3%"/>
                        <a href="#" panel-name="suite-Default_suite" title="com.myapp.spring.NumberSubscriberVerification" class="method navigator-link" hash-for-method="untested_spec308_blackbox_requestMustRegisterGivenNumberElementsToBeProduced">untested_spec308_blackbox_requestMustRegisterGivenNumberElementsToBeProduced</a> <!-- method navigator-link -->
                      </span>
                      <br/>
                      <span>
                        <img src="skipped.png" width="3%"/>
                        <a href="#" panel-name="suite-Default_suite" title="com.myapp.spring.NumberSubscriberVerification" class="method navigator-link" hash-for-method="untested_spec310_blackbox_requestMaySynchronouslyCallOnNextOnSubscriber">untested_spec310_blackbox_requestMaySynchronouslyCallOnNextOnSubscriber</a> <!-- method navigator-link -->
                      </span>
                      <br/>
                      <span>
                        <img src="skipped.png" width="3%"/>
                        <a href="#" panel-name="suite-Default_suite" title="com.myapp.spring.NumberSubscriberVerification" class="method navigator-link" hash-for-method="untested_spec311_blackbox_requestMaySynchronouslyCallOnCompleteOrOnError">untested_spec311_blackbox_requestMaySynchronouslyCallOnCompleteOrOnError</a> <!-- method navigator-link -->
                      </span>
                      <br/>
                      <span>
                        <img src="skipped.png" width="3%"/>
                        <a href="#" panel-name="suite-Default_suite" title="com.myapp.spring.NumberSubscriberVerification" class="method navigator-link" hash-for-method="untested_spec314_blackbox_cancelMayCauseThePublisherToShutdownIfNoOtherSubscriptionExists">untested_spec314_blackbox_cancelMayCauseThePublisherToShutdownIfNoOtherSubscriptionExists</a> <!-- method navigator-link -->
                      </span>
                      <br/>
                      <span>
                        <img src="skipped.png" width="3%"/>
                        <a href="#" panel-name="suite-Default_suite" title="com.myapp.spring.NumberSubscriberVerification" class="method navigator-link" hash-for-method="untested_spec315_blackbox_cancelMustNotThrowExceptionAndMustSignalOnError">untested_spec315_blackbox_cancelMustNotThrowExceptionAndMustSignalOnError</a> <!-- method navigator-link -->
                      </span>
                      <br/>
                      <span>
                        <img src="skipped.png" width="3%"/>
                        <a href="#" panel-name="suite-Default_suite" title="com.myapp.spring.NumberSubscriberVerification" class="method navigator-link" hash-for-method="untested_spec316_blackbox_requestMustNotThrowExceptionAndMustOnErrorTheSubscriber">untested_spec316_blackbox_requestMustNotThrowExceptionAndMustOnErrorTheSubscriber</a> <!-- method navigator-link -->
                      </span>
                      <br/>
                    </div> <!-- method-list-content skipped suite-Default_suite -->
                  </li>
                  <li>
                    <span class="method-list-title passed">Passed methods</span>
                    <span class="show-or-hide-methods passed">
                      <a href="#" panel-name="suite-Default_suite" class="hide-methods passed suite-Default_suite"> (hide)</a> <!-- hide-methods passed suite-Default_suite -->
                      <a href="#" panel-name="suite-Default_suite" class="show-methods passed suite-Default_suite"> (show)</a> <!-- show-methods passed suite-Default_suite -->
                    </span>
                    <div class="method-list-content passed suite-Default_suite">
                      <span>
                        <img src="passed.png" width="3%"/>
                        <a href="#" panel-name="suite-Default_suite" title="com.myapp.spring.NumberSubscriberVerification" class="method navigator-link" hash-for-method="required_spec201_blackbox_mustSignalDemandViaSubscriptionRequest">required_spec201_blackbox_mustSignalDemandViaSubscriptionRequest</a> <!-- method navigator-link -->
                      </span>
                      <br/>
                      <span>
                        <img src="passed.png" width="3%"/>
                        <a href="#" panel-name="suite-Default_suite" title="com.myapp.spring.NumberSubscriberVerification" class="method navigator-link" hash-for-method="required_spec203_blackbox_mustNotCallMethodsOnSubscriptionOrPublisherInOnComplete">required_spec203_blackbox_mustNotCallMethodsOnSubscriptionOrPublisherInOnComplete</a> <!-- method navigator-link -->
                      </span>
                      <br/>
                      <span>
                        <img src="passed.png" width="3%"/>
                        <a href="#" panel-name="suite-Default_suite" title="com.myapp.spring.NumberSubscriberVerification" class="method navigator-link" hash-for-method="required_spec203_blackbox_mustNotCallMethodsOnSubscriptionOrPublisherInOnError">required_spec203_blackbox_mustNotCallMethodsOnSubscriptionOrPublisherInOnError</a> <!-- method navigator-link -->
                      </span>
                      <br/>
                      <span>
                        <img src="passed.png" width="3%"/>
                        <a href="#" panel-name="suite-Default_suite" title="com.myapp.spring.NumberSubscriberVerification" class="method navigator-link" hash-for-method="required_spec209_blackbox_mustBePreparedToReceiveAnOnCompleteSignalWithPrecedingRequestCall">required_spec209_blackbox_mustBePreparedToReceiveAnOnCompleteSignalWithPrecedingRequestCall</a> <!-- method navigator-link -->
                      </span>
                      <br/>
                      <span>
                        <img src="passed.png" width="3%"/>
                        <a href="#" panel-name="suite-Default_suite" title="com.myapp.spring.NumberSubscriberVerification" class="method navigator-link" hash-for-method="required_spec209_blackbox_mustBePreparedToReceiveAnOnCompleteSignalWithoutPrecedingRequestCall">required_spec209_blackbox_mustBePreparedToReceiveAnOnCompleteSignalWithoutPrecedingRequestCall</a> <!-- method navigator-link -->
                      </span>
                      <br/>
                      <span>
                        <img src="passed.png" width="3%"/>
                        <a href="#" panel-name="suite-Default_suite" title="com.myapp.spring.NumberSubscriberVerification" class="method navigator-link" hash-for-method="required_spec210_blackbox_mustBePreparedToReceiveAnOnErrorSignalWithPrecedingRequestCall">required_spec210_blackbox_mustBePreparedToReceiveAnOnErrorSignalWithPrecedingRequestCall</a> <!-- method navigator-link -->
                      </span>
                      <br/>
                      <span>
                        <img src="passed.png" width="3%"/>
                        <a href="#" panel-name="suite-Default_suite" title="com.myapp.spring.NumberSubscriberVerification" class="method navigator-link" hash-for-method="required_spec210_blackbox_mustBePreparedToReceiveAnOnErrorSignalWithoutPrecedingRequestCall">required_spec210_blackbox_mustBePreparedToReceiveAnOnErrorSignalWithoutPrecedingRequestCall</a> <!-- method navigator-link -->
                      </span>
                      <br/>
                      <span>
                        <img src="passed.png" width="3%"/>
                        <a href="#" panel-name="suite-Default_suite" title="com.myapp.spring.NumberSubscriberVerification" class="method navigator-link" hash-for-method="required_spec213_blackbox_onError_mustThrowNullPointerExceptionWhenParametersAreNull">required_spec213_blackbox_onError_mustThrowNullPointerExceptionWhenParametersAreNull</a> <!-- method navigator-link -->
                      </span>
                      <br/>
                      <span>
                        <img src="passed.png" width="3%"/>
                        <a href="#" panel-name="suite-Default_suite" title="com.myapp.spring.NumberSubscriberVerification" class="method navigator-link" hash-for-method="required_spec213_blackbox_onSubscribe_mustThrowNullPointerExceptionWhenParametersAreNull">required_spec213_blackbox_onSubscribe_mustThrowNullPointerExceptionWhenParametersAreNull</a> <!-- method navigator-link -->
                      </span>
                      <br/>
                    </div> <!-- method-list-content passed suite-Default_suite -->
                  </li>
                </ul>
              </div> <!-- suite-section-content -->
            </div> <!-- result-section -->
          </div> <!-- navigator-suite-content -->
        </div> <!-- rounded-window -->
      </div> <!-- suite -->
    </div> <!-- navigator-root -->
    <div class="wrapper">
      <div class="main-panel-root">
        <div panel-name="suite-Default_suite" class="panel Default_suite">
          <div class="suite-Default_suite-class-failed">
            <div class="main-panel-header rounded-window-top">
              <img src="failed.png"/>
              <span class="class-name">com.myapp.spring.NumberSubscriberVerification</span>
            </div> <!-- main-panel-header rounded-window-top -->
            <div class="main-panel-content rounded-window-bottom">
              <div class="method">
                <div class="method-content">
                  <a name="required_spec205_blackbox_mustCallSubscriptionCancelIfItAlreadyHasAnSubscriptionAndReceivesAnotherOnSubscribeSignal">
                  </a> <!-- required_spec205_blackbox_mustCallSubscriptionCancelIfItAlreadyHasAnSubscriptionAndReceivesAnotherOnSubscribeSignal -->
                  <span class="method-name">required_spec205_blackbox_mustCallSubscriptionCancelIfItAlreadyHasAnSubscriptionAndReceivesAnotherOnSubscribeSignal</span>
                  <div class="stack-trace">java.lang.AssertionError: Subscriber org.reactivestreams.tck.SubscriberWhiteboxVerification$BlackboxSubscriberProxy@7e990ed7 illegally called `subscription.request(10)`!
	at org.testng.Assert.fail(Assert.java:99)
	at org.reactivestreams.tck.TestEnvironment.flop(TestEnvironment.java:222)
	at org.reactivestreams.tck.SubscriberBlackboxVerification$4$1.request(SubscriberBlackboxVerification.java:219)
	at com.myapp.spring.NumberSubscriber.onSubscribe(NumberSubscriber.java:13)
	at org.reactivestreams.tck.SubscriberWhiteboxVerification$BlackboxSubscriberProxy.onSubscribe(SubscriberWhiteboxVerification.java:610)
	at org.reactivestreams.tck.SubscriberBlackboxVerification$4.&lt;init&gt;(SubscriberBlackboxVerification.java:215)
	at org.reactivestreams.tck.SubscriberBlackboxVerification.required_spec205_blackbox_mustCallSubscriptionCancelIfItAlreadyHasAnSubscriptionAndReceivesAnotherOnSubscribeSignal(SubscriberBlackboxVerification.java:212)
	at java.base/jdk.internal.reflect.NativeMethodAccessorImpl.invoke0(Native Method)
	at java.base/jdk.internal.reflect.NativeMethodAccessorImpl.invoke(NativeMethodAccessorImpl.java:62)
	at java.base/jdk.internal.reflect.DelegatingMethodAccessorImpl.invoke(DelegatingMethodAccessorImpl.java:43)
	at java.base/java.lang.reflect.Method.invoke(Method.java:566)
	at org.testng.internal.MethodInvocationHelper.invokeMethod(MethodInvocationHelper.java:132)
	at org.testng.internal.TestInvoker.invokeMethod(TestInvoker.java:599)
	at org.testng.internal.TestInvoker.invokeTestMethod(TestInvoker.java:174)
	at org.testng.internal.MethodRunner.runInSequence(MethodRunner.java:46)
	at org.testng.internal.TestInvoker$MethodInvocationAgent.invoke(TestInvoker.java:822)
	at org.testng.internal.TestInvoker.invokeTestMethods(TestInvoker.java:147)
	at org.testng.internal.TestMethodWorker.invokeTestMethods(TestMethodWorker.java:146)
	at org.testng.internal.TestMethodWorker.run(TestMethodWorker.java:128)
	at java.base/java.util.ArrayList.forEach(ArrayList.java:1541)
	at org.testng.TestRunner.privateRun(TestRunner.java:764)
	at org.testng.TestRunner.run(TestRunner.java:585)
	at org.testng.SuiteRunner.runTest(SuiteRunner.java:384)
	at org.testng.SuiteRunner.runSequentially(SuiteRunner.java:378)
	at org.testng.SuiteRunner.privateRun(SuiteRunner.java:337)
	at org.testng.SuiteRunner.run(SuiteRunner.java:286)
	at org.testng.SuiteRunnerWorker.runSuite(SuiteRunnerWorker.java:53)
	at org.testng.SuiteRunnerWorker.run(SuiteRunnerWorker.java:96)
	at org.testng.TestNG.runSuitesSequentially(TestNG.java:1218)
	at org.testng.TestNG.runSuitesLocally(TestNG.java:1140)
	at org.testng.TestNG.runSuites(TestNG.java:1069)
	at org.testng.TestNG.run(TestNG.java:1037)
	at org.testng.remote.AbstractRemoteTestNG.run(AbstractRemoteTestNG.java:115)
	at org.testng.remote.RemoteTestNG.initAndRun(RemoteTestNG.java:251)
	at org.testng.remote.RemoteTestNG.main(RemoteTestNG.java:77)

</div> <!-- stack-trace -->
                </div> <!-- method-content -->
              </div> <!-- method -->
              <div class="method">
                <div class="method-content">
                  <a name="required_spec213_blackbox_onNext_mustThrowNullPointerExceptionWhenParametersAreNull">
                  </a> <!-- required_spec213_blackbox_onNext_mustThrowNullPointerExceptionWhenParametersAreNull -->
                  <span class="method-name">required_spec213_blackbox_onNext_mustThrowNullPointerExceptionWhenParametersAreNull</span>
                  <div class="stack-trace">java.lang.AssertionError: onNext(null) did not throw NullPointerException expected [true] but found [false]
	at org.testng.Assert.fail(Assert.java:99)
	at org.testng.Assert.failNotEquals(Assert.java:1037)
	at org.testng.Assert.assertTrue(Assert.java:45)
	at org.reactivestreams.tck.SubscriberBlackboxVerification$10.run(SubscriberBlackboxVerification.java:362)
	at org.reactivestreams.tck.SubscriberBlackboxVerification.blackboxSubscriberWithoutSetupTest(SubscriberBlackboxVerification.java:449)
	at org.reactivestreams.tck.SubscriberBlackboxVerification.required_spec213_blackbox_onNext_mustThrowNullPointerExceptionWhenParametersAreNull(SubscriberBlackboxVerification.java:345)
	at java.base/jdk.internal.reflect.NativeMethodAccessorImpl.invoke0(Native Method)
	at java.base/jdk.internal.reflect.NativeMethodAccessorImpl.invoke(NativeMethodAccessorImpl.java:62)
	at java.base/jdk.internal.reflect.DelegatingMethodAccessorImpl.invoke(DelegatingMethodAccessorImpl.java:43)
	at java.base/java.lang.reflect.Method.invoke(Method.java:566)
	at org.testng.internal.MethodInvocationHelper.invokeMethod(MethodInvocationHelper.java:132)
	at org.testng.internal.TestInvoker.invokeMethod(TestInvoker.java:599)
	at org.testng.internal.TestInvoker.invokeTestMethod(TestInvoker.java:174)
	at org.testng.internal.MethodRunner.runInSequence(MethodRunner.java:46)
	at org.testng.internal.TestInvoker$MethodInvocationAgent.invoke(TestInvoker.java:822)
	at org.testng.internal.TestInvoker.invokeTestMethods(TestInvoker.java:147)
	at org.testng.internal.TestMethodWorker.invokeTestMethods(TestMethodWorker.java:146)
	at org.testng.internal.TestMethodWorker.run(TestMethodWorker.java:128)
	at java.base/java.util.ArrayList.forEach(ArrayList.java:1541)
	at org.testng.TestRunner.privateRun(TestRunner.java:764)
	at org.testng.TestRunner.run(TestRunner.java:585)
	at org.testng.SuiteRunner.runTest(SuiteRunner.java:384)
	at org.testng.SuiteRunner.runSequentially(SuiteRunner.java:378)
	at org.testng.SuiteRunner.privateRun(SuiteRunner.java:337)
	at org.testng.SuiteRunner.run(SuiteRunner.java:286)
	at org.testng.SuiteRunnerWorker.runSuite(SuiteRunnerWorker.java:53)
	at org.testng.SuiteRunnerWorker.run(SuiteRunnerWorker.java:96)
	at org.testng.TestNG.runSuitesSequentially(TestNG.java:1218)
	at org.testng.TestNG.runSuitesLocally(TestNG.java:1140)
	at org.testng.TestNG.runSuites(TestNG.java:1069)
	at org.testng.TestNG.run(TestNG.java:1037)
	at org.testng.remote.AbstractRemoteTestNG.run(AbstractRemoteTestNG.java:115)
	at org.testng.remote.RemoteTestNG.initAndRun(RemoteTestNG.java:251)
	at org.testng.remote.RemoteTestNG.main(RemoteTestNG.java:77)

</div> <!-- stack-trace -->
                </div> <!-- method-content -->
              </div> <!-- method -->
            </div> <!-- main-panel-content rounded-window-bottom -->
          </div> <!-- suite-Default_suite-class-failed -->
          <div class="suite-Default_suite-class-skipped">
            <div class="main-panel-header rounded-window-top">
              <img src="skipped.png"/>
              <span class="class-name">com.myapp.spring.NumberSubscriberVerification</span>
            </div> <!-- main-panel-header rounded-window-top -->
            <div class="main-panel-content rounded-window-bottom">
              <div class="method">
                <div class="method-content">
                  <a name="untested_spec202_blackbox_shouldAsynchronouslyDispatch">
                  </a> <!-- untested_spec202_blackbox_shouldAsynchronouslyDispatch -->
                  <span class="method-name">untested_spec202_blackbox_shouldAsynchronouslyDispatch</span>
                  <div class="stack-trace">org.testng.SkipException: Not verified using this TCK.
	at org.reactivestreams.tck.SubscriberBlackboxVerification.notVerified(SubscriberBlackboxVerification.java:507)
	at org.reactivestreams.tck.SubscriberBlackboxVerification.untested_spec202_blackbox_shouldAsynchronouslyDispatch(SubscriberBlackboxVerification.java:116)
	at java.base/jdk.internal.reflect.NativeMethodAccessorImpl.invoke0(Native Method)
	at java.base/jdk.internal.reflect.NativeMethodAccessorImpl.invoke(NativeMethodAccessorImpl.java:62)
	at java.base/jdk.internal.reflect.DelegatingMethodAccessorImpl.invoke(DelegatingMethodAccessorImpl.java:43)
	at java.base/java.lang.reflect.Method.invoke(Method.java:566)
	at org.testng.internal.MethodInvocationHelper.invokeMethod(MethodInvocationHelper.java:132)
	at org.testng.internal.TestInvoker.invokeMethod(TestInvoker.java:599)
	at org.testng.internal.TestInvoker.invokeTestMethod(TestInvoker.java:174)
	at org.testng.internal.MethodRunner.runInSequence(MethodRunner.java:46)
	at org.testng.internal.TestInvoker$MethodInvocationAgent.invoke(TestInvoker.java:822)
	at org.testng.internal.TestInvoker.invokeTestMethods(TestInvoker.java:147)
	at org.testng.internal.TestMethodWorker.invokeTestMethods(TestMethodWorker.java:146)
	at org.testng.internal.TestMethodWorker.run(TestMethodWorker.java:128)
	at java.base/java.util.ArrayList.forEach(ArrayList.java:1541)
	at org.testng.TestRunner.privateRun(TestRunner.java:764)
	at org.testng.TestRunner.run(TestRunner.java:585)
	at org.testng.SuiteRunner.runTest(SuiteRunner.java:384)
	at org.testng.SuiteRunner.runSequentially(SuiteRunner.java:378)
	at org.testng.SuiteRunner.privateRun(SuiteRunner.java:337)
	at org.testng.SuiteRunner.run(SuiteRunner.java:286)
	at org.testng.SuiteRunnerWorker.runSuite(SuiteRunnerWorker.java:53)
	at org.testng.SuiteRunnerWorker.run(SuiteRunnerWorker.java:96)
	at org.testng.TestNG.runSuitesSequentially(TestNG.java:1218)
	at org.testng.TestNG.runSuitesLocally(TestNG.java:1140)
	at org.testng.TestNG.runSuites(TestNG.java:1069)
	at org.testng.TestNG.run(TestNG.java:1037)
	at org.testng.remote.AbstractRemoteTestNG.run(AbstractRemoteTestNG.java:115)
	at org.testng.remote.RemoteTestNG.initAndRun(RemoteTestNG.java:251)
	at org.testng.remote.RemoteTestNG.main(RemoteTestNG.java:77)

</div> <!-- stack-trace -->
                </div> <!-- method-content -->
              </div> <!-- method -->
              <div class="method">
                <div class="method-content">
                  <a name="untested_spec204_blackbox_mustConsiderTheSubscriptionAsCancelledInAfterRecievingOnCompleteOrOnError">
                  </a> <!-- untested_spec204_blackbox_mustConsiderTheSubscriptionAsCancelledInAfterRecievingOnCompleteOrOnError -->
                  <span class="method-name">untested_spec204_blackbox_mustConsiderTheSubscriptionAsCancelledInAfterRecievingOnCompleteOrOnError</span>
                  <div class="stack-trace">org.testng.SkipException: Not verified using this TCK.
	at org.reactivestreams.tck.SubscriberBlackboxVerification.notVerified(SubscriberBlackboxVerification.java:507)
	at org.reactivestreams.tck.SubscriberBlackboxVerification.untested_spec204_blackbox_mustConsiderTheSubscriptionAsCancelledInAfterRecievingOnCompleteOrOnError(SubscriberBlackboxVerification.java:207)
	at java.base/jdk.internal.reflect.NativeMethodAccessorImpl.invoke0(Native Method)
	at java.base/jdk.internal.reflect.NativeMethodAccessorImpl.invoke(NativeMethodAccessorImpl.java:62)
	at java.base/jdk.internal.reflect.DelegatingMethodAccessorImpl.invoke(DelegatingMethodAccessorImpl.java:43)
	at java.base/java.lang.reflect.Method.invoke(Method.java:566)
	at org.testng.internal.MethodInvocationHelper.invokeMethod(MethodInvocationHelper.java:132)
	at org.testng.internal.TestInvoker.invokeMethod(TestInvoker.java:599)
	at org.testng.internal.TestInvoker.invokeTestMethod(TestInvoker.java:174)
	at org.testng.internal.MethodRunner.runInSequence(MethodRunner.java:46)
	at org.testng.internal.TestInvoker$MethodInvocationAgent.invoke(TestInvoker.java:822)
	at org.testng.internal.TestInvoker.invokeTestMethods(TestInvoker.java:147)
	at org.testng.internal.TestMethodWorker.invokeTestMethods(TestMethodWorker.java:146)
	at org.testng.internal.TestMethodWorker.run(TestMethodWorker.java:128)
	at java.base/java.util.ArrayList.forEach(ArrayList.java:1541)
	at org.testng.TestRunner.privateRun(TestRunner.java:764)
	at org.testng.TestRunner.run(TestRunner.java:585)
	at org.testng.SuiteRunner.runTest(SuiteRunner.java:384)
	at org.testng.SuiteRunner.runSequentially(SuiteRunner.java:378)
	at org.testng.SuiteRunner.privateRun(SuiteRunner.java:337)
	at org.testng.SuiteRunner.run(SuiteRunner.java:286)
	at org.testng.SuiteRunnerWorker.runSuite(SuiteRunnerWorker.java:53)
	at org.testng.SuiteRunnerWorker.run(SuiteRunnerWorker.java:96)
	at org.testng.TestNG.runSuitesSequentially(TestNG.java:1218)
	at org.testng.TestNG.runSuitesLocally(TestNG.java:1140)
	at org.testng.TestNG.runSuites(TestNG.java:1069)
	at org.testng.TestNG.run(TestNG.java:1037)
	at org.testng.remote.AbstractRemoteTestNG.run(AbstractRemoteTestNG.java:115)
	at org.testng.remote.RemoteTestNG.initAndRun(RemoteTestNG.java:251)
	at org.testng.remote.RemoteTestNG.main(RemoteTestNG.java:77)

</div> <!-- stack-trace -->
                </div> <!-- method-content -->
              </div> <!-- method -->
              <div class="method">
                <div class="method-content">
                  <a name="untested_spec206_blackbox_mustCallSubscriptionCancelIfItIsNoLongerValid">
                  </a> <!-- untested_spec206_blackbox_mustCallSubscriptionCancelIfItIsNoLongerValid -->
                  <span class="method-name">untested_spec206_blackbox_mustCallSubscriptionCancelIfItIsNoLongerValid</span>
                  <div class="stack-trace">org.testng.SkipException: Not verified using this TCK.
	at org.reactivestreams.tck.SubscriberBlackboxVerification.notVerified(SubscriberBlackboxVerification.java:507)
	at org.reactivestreams.tck.SubscriberBlackboxVerification.untested_spec206_blackbox_mustCallSubscriptionCancelIfItIsNoLongerValid(SubscriberBlackboxVerification.java:241)
	at java.base/jdk.internal.reflect.NativeMethodAccessorImpl.invoke0(Native Method)
	at java.base/jdk.internal.reflect.NativeMethodAccessorImpl.invoke(NativeMethodAccessorImpl.java:62)
	at java.base/jdk.internal.reflect.DelegatingMethodAccessorImpl.invoke(DelegatingMethodAccessorImpl.java:43)
	at java.base/java.lang.reflect.Method.invoke(Method.java:566)
	at org.testng.internal.MethodInvocationHelper.invokeMethod(MethodInvocationHelper.java:132)
	at org.testng.internal.TestInvoker.invokeMethod(TestInvoker.java:599)
	at org.testng.internal.TestInvoker.invokeTestMethod(TestInvoker.java:174)
	at org.testng.internal.MethodRunner.runInSequence(MethodRunner.java:46)
	at org.testng.internal.TestInvoker$MethodInvocationAgent.invoke(TestInvoker.java:822)
	at org.testng.internal.TestInvoker.invokeTestMethods(TestInvoker.java:147)
	at org.testng.internal.TestMethodWorker.invokeTestMethods(TestMethodWorker.java:146)
	at org.testng.internal.TestMethodWorker.run(TestMethodWorker.java:128)
	at java.base/java.util.ArrayList.forEach(ArrayList.java:1541)
	at org.testng.TestRunner.privateRun(TestRunner.java:764)
	at org.testng.TestRunner.run(TestRunner.java:585)
	at org.testng.SuiteRunner.runTest(SuiteRunner.java:384)
	at org.testng.SuiteRunner.runSequentially(SuiteRunner.java:378)
	at org.testng.SuiteRunner.privateRun(SuiteRunner.java:337)
	at org.testng.SuiteRunner.run(SuiteRunner.java:286)
	at org.testng.SuiteRunnerWorker.runSuite(SuiteRunnerWorker.java:53)
	at org.testng.SuiteRunnerWorker.run(SuiteRunnerWorker.java:96)
	at org.testng.TestNG.runSuitesSequentially(TestNG.java:1218)
	at org.testng.TestNG.runSuitesLocally(TestNG.java:1140)
	at org.testng.TestNG.runSuites(TestNG.java:1069)
	at org.testng.TestNG.run(TestNG.java:1037)
	at org.testng.remote.AbstractRemoteTestNG.run(AbstractRemoteTestNG.java:115)
	at org.testng.remote.RemoteTestNG.initAndRun(RemoteTestNG.java:251)
	at org.testng.remote.RemoteTestNG.main(RemoteTestNG.java:77)

</div> <!-- stack-trace -->
                </div> <!-- method-content -->
              </div> <!-- method -->
              <div class="method">
                <div class="method-content">
                  <a name="untested_spec207_blackbox_mustEnsureAllCallsOnItsSubscriptionTakePlaceFromTheSameThreadOrTakeCareOfSynchronization">
                  </a> <!-- untested_spec207_blackbox_mustEnsureAllCallsOnItsSubscriptionTakePlaceFromTheSameThreadOrTakeCareOfSynchronization -->
                  <span class="method-name">untested_spec207_blackbox_mustEnsureAllCallsOnItsSubscriptionTakePlaceFromTheSameThreadOrTakeCareOfSynchronization</span>
                  <div class="stack-trace">org.testng.SkipException: Not verified using this TCK.
	at org.reactivestreams.tck.SubscriberBlackboxVerification.notVerified(SubscriberBlackboxVerification.java:507)
	at org.reactivestreams.tck.SubscriberBlackboxVerification.untested_spec207_blackbox_mustEnsureAllCallsOnItsSubscriptionTakePlaceFromTheSameThreadOrTakeCareOfSynchronization(SubscriberBlackboxVerification.java:246)
	at java.base/jdk.internal.reflect.NativeMethodAccessorImpl.invoke0(Native Method)
	at java.base/jdk.internal.reflect.NativeMethodAccessorImpl.invoke(NativeMethodAccessorImpl.java:62)
	at java.base/jdk.internal.reflect.DelegatingMethodAccessorImpl.invoke(DelegatingMethodAccessorImpl.java:43)
	at java.base/java.lang.reflect.Method.invoke(Method.java:566)
	at org.testng.internal.MethodInvocationHelper.invokeMethod(MethodInvocationHelper.java:132)
	at org.testng.internal.TestInvoker.invokeMethod(TestInvoker.java:599)
	at org.testng.internal.TestInvoker.invokeTestMethod(TestInvoker.java:174)
	at org.testng.internal.MethodRunner.runInSequence(MethodRunner.java:46)
	at org.testng.internal.TestInvoker$MethodInvocationAgent.invoke(TestInvoker.java:822)
	at org.testng.internal.TestInvoker.invokeTestMethods(TestInvoker.java:147)
	at org.testng.internal.TestMethodWorker.invokeTestMethods(TestMethodWorker.java:146)
	at org.testng.internal.TestMethodWorker.run(TestMethodWorker.java:128)
	at java.base/java.util.ArrayList.forEach(ArrayList.java:1541)
	at org.testng.TestRunner.privateRun(TestRunner.java:764)
	at org.testng.TestRunner.run(TestRunner.java:585)
	at org.testng.SuiteRunner.runTest(SuiteRunner.java:384)
	at org.testng.SuiteRunner.runSequentially(SuiteRunner.java:378)
	at org.testng.SuiteRunner.privateRun(SuiteRunner.java:337)
	at org.testng.SuiteRunner.run(SuiteRunner.java:286)
	at org.testng.SuiteRunnerWorker.runSuite(SuiteRunnerWorker.java:53)
	at org.testng.SuiteRunnerWorker.run(SuiteRunnerWorker.java:96)
	at org.testng.TestNG.runSuitesSequentially(TestNG.java:1218)
	at org.testng.TestNG.runSuitesLocally(TestNG.java:1140)
	at org.testng.TestNG.runSuites(TestNG.java:1069)
	at org.testng.TestNG.run(TestNG.java:1037)
	at org.testng.remote.AbstractRemoteTestNG.run(AbstractRemoteTestNG.java:115)
	at org.testng.remote.RemoteTestNG.initAndRun(RemoteTestNG.java:251)
	at org.testng.remote.RemoteTestNG.main(RemoteTestNG.java:77)

</div> <!-- stack-trace -->
                </div> <!-- method-content -->
              </div> <!-- method -->
              <div class="method">
                <div class="method-content">
                  <a name="untested_spec208_blackbox_mustBePreparedToReceiveOnNextSignalsAfterHavingCalledSubscriptionCancel">
                  </a> <!-- untested_spec208_blackbox_mustBePreparedToReceiveOnNextSignalsAfterHavingCalledSubscriptionCancel -->
                  <span class="method-name">untested_spec208_blackbox_mustBePreparedToReceiveOnNextSignalsAfterHavingCalledSubscriptionCancel</span>
                  <div class="stack-trace">org.testng.SkipException: Not verified using this TCK.
	at org.reactivestreams.tck.SubscriberBlackboxVerification.notVerified(SubscriberBlackboxVerification.java:507)
	at org.reactivestreams.tck.SubscriberBlackboxVerification.untested_spec208_blackbox_mustBePreparedToReceiveOnNextSignalsAfterHavingCalledSubscriptionCancel(SubscriberBlackboxVerification.java:252)
	at java.base/jdk.internal.reflect.NativeMethodAccessorImpl.invoke0(Native Method)
	at java.base/jdk.internal.reflect.NativeMethodAccessorImpl.invoke(NativeMethodAccessorImpl.java:62)
	at java.base/jdk.internal.reflect.DelegatingMethodAccessorImpl.invoke(DelegatingMethodAccessorImpl.java:43)
	at java.base/java.lang.reflect.Method.invoke(Method.java:566)
	at org.testng.internal.MethodInvocationHelper.invokeMethod(MethodInvocationHelper.java:132)
	at org.testng.internal.TestInvoker.invokeMethod(TestInvoker.java:599)
	at org.testng.internal.TestInvoker.invokeTestMethod(TestInvoker.java:174)
	at org.testng.internal.MethodRunner.runInSequence(MethodRunner.java:46)
	at org.testng.internal.TestInvoker$MethodInvocationAgent.invoke(TestInvoker.java:822)
	at org.testng.internal.TestInvoker.invokeTestMethods(TestInvoker.java:147)
	at org.testng.internal.TestMethodWorker.invokeTestMethods(TestMethodWorker.java:146)
	at org.testng.internal.TestMethodWorker.run(TestMethodWorker.java:128)
	at java.base/java.util.ArrayList.forEach(ArrayList.java:1541)
	at org.testng.TestRunner.privateRun(TestRunner.java:764)
	at org.testng.TestRunner.run(TestRunner.java:585)
	at org.testng.SuiteRunner.runTest(SuiteRunner.java:384)
	at org.testng.SuiteRunner.runSequentially(SuiteRunner.java:378)
	at org.testng.SuiteRunner.privateRun(SuiteRunner.java:337)
	at org.testng.SuiteRunner.run(SuiteRunner.java:286)
	at org.testng.SuiteRunnerWorker.runSuite(SuiteRunnerWorker.java:53)
	at org.testng.SuiteRunnerWorker.run(SuiteRunnerWorker.java:96)
	at org.testng.TestNG.runSuitesSequentially(TestNG.java:1218)
	at org.testng.TestNG.runSuitesLocally(TestNG.java:1140)
	at org.testng.TestNG.runSuites(TestNG.java:1069)
	at org.testng.TestNG.run(TestNG.java:1037)
	at org.testng.remote.AbstractRemoteTestNG.run(AbstractRemoteTestNG.java:115)
	at org.testng.remote.RemoteTestNG.initAndRun(RemoteTestNG.java:251)
	at org.testng.remote.RemoteTestNG.main(RemoteTestNG.java:77)

</div> <!-- stack-trace -->
                </div> <!-- method-content -->
              </div> <!-- method -->
              <div class="method">
                <div class="method-content">
                  <a name="untested_spec211_blackbox_mustMakeSureThatAllCallsOnItsMethodsHappenBeforeTheProcessingOfTheRespectiveEvents">
                  </a> <!-- untested_spec211_blackbox_mustMakeSureThatAllCallsOnItsMethodsHappenBeforeTheProcessingOfTheRespectiveEvents -->
                  <span class="method-name">untested_spec211_blackbox_mustMakeSureThatAllCallsOnItsMethodsHappenBeforeTheProcessingOfTheRespectiveEvents</span>
                  <div class="stack-trace">org.testng.SkipException: Not verified using this TCK.
	at org.reactivestreams.tck.SubscriberBlackboxVerification.notVerified(SubscriberBlackboxVerification.java:507)
	at org.reactivestreams.tck.SubscriberBlackboxVerification.untested_spec211_blackbox_mustMakeSureThatAllCallsOnItsMethodsHappenBeforeTheProcessingOfTheRespectiveEvents(SubscriberBlackboxVerification.java:308)
	at java.base/jdk.internal.reflect.NativeMethodAccessorImpl.invoke0(Native Method)
	at java.base/jdk.internal.reflect.NativeMethodAccessorImpl.invoke(NativeMethodAccessorImpl.java:62)
	at java.base/jdk.internal.reflect.DelegatingMethodAccessorImpl.invoke(DelegatingMethodAccessorImpl.java:43)
	at java.base/java.lang.reflect.Method.invoke(Method.java:566)
	at org.testng.internal.MethodInvocationHelper.invokeMethod(MethodInvocationHelper.java:132)
	at org.testng.internal.TestInvoker.invokeMethod(TestInvoker.java:599)
	at org.testng.internal.TestInvoker.invokeTestMethod(TestInvoker.java:174)
	at org.testng.internal.MethodRunner.runInSequence(MethodRunner.java:46)
	at org.testng.internal.TestInvoker$MethodInvocationAgent.invoke(TestInvoker.java:822)
	at org.testng.internal.TestInvoker.invokeTestMethods(TestInvoker.java:147)
	at org.testng.internal.TestMethodWorker.invokeTestMethods(TestMethodWorker.java:146)
	at org.testng.internal.TestMethodWorker.run(TestMethodWorker.java:128)
	at java.base/java.util.ArrayList.forEach(ArrayList.java:1541)
	at org.testng.TestRunner.privateRun(TestRunner.java:764)
	at org.testng.TestRunner.run(TestRunner.java:585)
	at org.testng.SuiteRunner.runTest(SuiteRunner.java:384)
	at org.testng.SuiteRunner.runSequentially(SuiteRunner.java:378)
	at org.testng.SuiteRunner.privateRun(SuiteRunner.java:337)
	at org.testng.SuiteRunner.run(SuiteRunner.java:286)
	at org.testng.SuiteRunnerWorker.runSuite(SuiteRunnerWorker.java:53)
	at org.testng.SuiteRunnerWorker.run(SuiteRunnerWorker.java:96)
	at org.testng.TestNG.runSuitesSequentially(TestNG.java:1218)
	at org.testng.TestNG.runSuitesLocally(TestNG.java:1140)
	at org.testng.TestNG.runSuites(TestNG.java:1069)
	at org.testng.TestNG.run(TestNG.java:1037)
	at org.testng.remote.AbstractRemoteTestNG.run(AbstractRemoteTestNG.java:115)
	at org.testng.remote.RemoteTestNG.initAndRun(RemoteTestNG.java:251)
	at org.testng.remote.RemoteTestNG.main(RemoteTestNG.java:77)

</div> <!-- stack-trace -->
                </div> <!-- method-content -->
              </div> <!-- method -->
              <div class="method">
                <div class="method-content">
                  <a name="untested_spec212_blackbox_mustNotCallOnSubscribeMoreThanOnceBasedOnObjectEquality">
                  </a> <!-- untested_spec212_blackbox_mustNotCallOnSubscribeMoreThanOnceBasedOnObjectEquality -->
                  <span class="method-name">untested_spec212_blackbox_mustNotCallOnSubscribeMoreThanOnceBasedOnObjectEquality</span>
                  <div class="stack-trace">org.testng.SkipException: Not verified using this TCK.
	at org.reactivestreams.tck.SubscriberBlackboxVerification.notVerified(SubscriberBlackboxVerification.java:507)
	at org.reactivestreams.tck.SubscriberBlackboxVerification.untested_spec212_blackbox_mustNotCallOnSubscribeMoreThanOnceBasedOnObjectEquality(SubscriberBlackboxVerification.java:313)
	at java.base/jdk.internal.reflect.NativeMethodAccessorImpl.invoke0(Native Method)
	at java.base/jdk.internal.reflect.NativeMethodAccessorImpl.invoke(NativeMethodAccessorImpl.java:62)
	at java.base/jdk.internal.reflect.DelegatingMethodAccessorImpl.invoke(DelegatingMethodAccessorImpl.java:43)
	at java.base/java.lang.reflect.Method.invoke(Method.java:566)
	at org.testng.internal.MethodInvocationHelper.invokeMethod(MethodInvocationHelper.java:132)
	at org.testng.internal.TestInvoker.invokeMethod(TestInvoker.java:599)
	at org.testng.internal.TestInvoker.invokeTestMethod(TestInvoker.java:174)
	at org.testng.internal.MethodRunner.runInSequence(MethodRunner.java:46)
	at org.testng.internal.TestInvoker$MethodInvocationAgent.invoke(TestInvoker.java:822)
	at org.testng.internal.TestInvoker.invokeTestMethods(TestInvoker.java:147)
	at org.testng.internal.TestMethodWorker.invokeTestMethods(TestMethodWorker.java:146)
	at org.testng.internal.TestMethodWorker.run(TestMethodWorker.java:128)
	at java.base/java.util.ArrayList.forEach(ArrayList.java:1541)
	at org.testng.TestRunner.privateRun(TestRunner.java:764)
	at org.testng.TestRunner.run(TestRunner.java:585)
	at org.testng.SuiteRunner.runTest(SuiteRunner.java:384)
	at org.testng.SuiteRunner.runSequentially(SuiteRunner.java:378)
	at org.testng.SuiteRunner.privateRun(SuiteRunner.java:337)
	at org.testng.SuiteRunner.run(SuiteRunner.java:286)
	at org.testng.SuiteRunnerWorker.runSuite(SuiteRunnerWorker.java:53)
	at org.testng.SuiteRunnerWorker.run(SuiteRunnerWorker.java:96)
	at org.testng.TestNG.runSuitesSequentially(TestNG.java:1218)
	at org.testng.TestNG.runSuitesLocally(TestNG.java:1140)
	at org.testng.TestNG.runSuites(TestNG.java:1069)
	at org.testng.TestNG.run(TestNG.java:1037)
	at org.testng.remote.AbstractRemoteTestNG.run(AbstractRemoteTestNG.java:115)
	at org.testng.remote.RemoteTestNG.initAndRun(RemoteTestNG.java:251)
	at org.testng.remote.RemoteTestNG.main(RemoteTestNG.java:77)

</div> <!-- stack-trace -->
                </div> <!-- method-content -->
              </div> <!-- method -->
              <div class="method">
                <div class="method-content">
                  <a name="untested_spec213_blackbox_failingOnSignalInvocation">
                  </a> <!-- untested_spec213_blackbox_failingOnSignalInvocation -->
                  <span class="method-name">untested_spec213_blackbox_failingOnSignalInvocation</span>
                  <div class="stack-trace">org.testng.SkipException: Not verified using this TCK.
	at org.reactivestreams.tck.SubscriberBlackboxVerification.notVerified(SubscriberBlackboxVerification.java:507)
	at org.reactivestreams.tck.SubscriberBlackboxVerification.untested_spec213_blackbox_failingOnSignalInvocation(SubscriberBlackboxVerification.java:318)
	at java.base/jdk.internal.reflect.NativeMethodAccessorImpl.invoke0(Native Method)
	at java.base/jdk.internal.reflect.NativeMethodAccessorImpl.invoke(NativeMethodAccessorImpl.java:62)
	at java.base/jdk.internal.reflect.DelegatingMethodAccessorImpl.invoke(DelegatingMethodAccessorImpl.java:43)
	at java.base/java.lang.reflect.Method.invoke(Method.java:566)
	at org.testng.internal.MethodInvocationHelper.invokeMethod(MethodInvocationHelper.java:132)
	at org.testng.internal.TestInvoker.invokeMethod(TestInvoker.java:599)
	at org.testng.internal.TestInvoker.invokeTestMethod(TestInvoker.java:174)
	at org.testng.internal.MethodRunner.runInSequence(MethodRunner.java:46)
	at org.testng.internal.TestInvoker$MethodInvocationAgent.invoke(TestInvoker.java:822)
	at org.testng.internal.TestInvoker.invokeTestMethods(TestInvoker.java:147)
	at org.testng.internal.TestMethodWorker.invokeTestMethods(TestMethodWorker.java:146)
	at org.testng.internal.TestMethodWorker.run(TestMethodWorker.java:128)
	at java.base/java.util.ArrayList.forEach(ArrayList.java:1541)
	at org.testng.TestRunner.privateRun(TestRunner.java:764)
	at org.testng.TestRunner.run(TestRunner.java:585)
	at org.testng.SuiteRunner.runTest(SuiteRunner.java:384)
	at org.testng.SuiteRunner.runSequentially(SuiteRunner.java:378)
	at org.testng.SuiteRunner.privateRun(SuiteRunner.java:337)
	at org.testng.SuiteRunner.run(SuiteRunner.java:286)
	at org.testng.SuiteRunnerWorker.runSuite(SuiteRunnerWorker.java:53)
	at org.testng.SuiteRunnerWorker.run(SuiteRunnerWorker.java:96)
	at org.testng.TestNG.runSuitesSequentially(TestNG.java:1218)
	at org.testng.TestNG.runSuitesLocally(TestNG.java:1140)
	at org.testng.TestNG.runSuites(TestNG.java:1069)
	at org.testng.TestNG.run(TestNG.java:1037)
	at org.testng.remote.AbstractRemoteTestNG.run(AbstractRemoteTestNG.java:115)
	at org.testng.remote.RemoteTestNG.initAndRun(RemoteTestNG.java:251)
	at org.testng.remote.RemoteTestNG.main(RemoteTestNG.java:77)

</div> <!-- stack-trace -->
                </div> <!-- method-content -->
              </div> <!-- method -->
              <div class="method">
                <div class="method-content">
                  <a name="untested_spec301_blackbox_mustNotBeCalledOutsideSubscriberContext">
                  </a> <!-- untested_spec301_blackbox_mustNotBeCalledOutsideSubscriberContext -->
                  <span class="method-name">untested_spec301_blackbox_mustNotBeCalledOutsideSubscriberContext</span>
                  <div class="stack-trace">org.testng.SkipException: Not verified using this TCK.
	at org.reactivestreams.tck.SubscriberBlackboxVerification.notVerified(SubscriberBlackboxVerification.java:507)
	at org.reactivestreams.tck.SubscriberBlackboxVerification.untested_spec301_blackbox_mustNotBeCalledOutsideSubscriberContext(SubscriberBlackboxVerification.java:401)
	at java.base/jdk.internal.reflect.NativeMethodAccessorImpl.invoke0(Native Method)
	at java.base/jdk.internal.reflect.NativeMethodAccessorImpl.invoke(NativeMethodAccessorImpl.java:62)
	at java.base/jdk.internal.reflect.DelegatingMethodAccessorImpl.invoke(DelegatingMethodAccessorImpl.java:43)
	at java.base/java.lang.reflect.Method.invoke(Method.java:566)
	at org.testng.internal.MethodInvocationHelper.invokeMethod(MethodInvocationHelper.java:132)
	at org.testng.internal.TestInvoker.invokeMethod(TestInvoker.java:599)
	at org.testng.internal.TestInvoker.invokeTestMethod(TestInvoker.java:174)
	at org.testng.internal.MethodRunner.runInSequence(MethodRunner.java:46)
	at org.testng.internal.TestInvoker$MethodInvocationAgent.invoke(TestInvoker.java:822)
	at org.testng.internal.TestInvoker.invokeTestMethods(TestInvoker.java:147)
	at org.testng.internal.TestMethodWorker.invokeTestMethods(TestMethodWorker.java:146)
	at org.testng.internal.TestMethodWorker.run(TestMethodWorker.java:128)
	at java.base/java.util.ArrayList.forEach(ArrayList.java:1541)
	at org.testng.TestRunner.privateRun(TestRunner.java:764)
	at org.testng.TestRunner.run(TestRunner.java:585)
	at org.testng.SuiteRunner.runTest(SuiteRunner.java:384)
	at org.testng.SuiteRunner.runSequentially(SuiteRunner.java:378)
	at org.testng.SuiteRunner.privateRun(SuiteRunner.java:337)
	at org.testng.SuiteRunner.run(SuiteRunner.java:286)
	at org.testng.SuiteRunnerWorker.runSuite(SuiteRunnerWorker.java:53)
	at org.testng.SuiteRunnerWorker.run(SuiteRunnerWorker.java:96)
	at org.testng.TestNG.runSuitesSequentially(TestNG.java:1218)
	at org.testng.TestNG.runSuitesLocally(TestNG.java:1140)
	at org.testng.TestNG.runSuites(TestNG.java:1069)
	at org.testng.TestNG.run(TestNG.java:1037)
	at org.testng.remote.AbstractRemoteTestNG.run(AbstractRemoteTestNG.java:115)
	at org.testng.remote.RemoteTestNG.initAndRun(RemoteTestNG.java:251)
	at org.testng.remote.RemoteTestNG.main(RemoteTestNG.java:77)

</div> <!-- stack-trace -->
                </div> <!-- method-content -->
              </div> <!-- method -->
              <div class="method">
                <div class="method-content">
                  <a name="untested_spec308_blackbox_requestMustRegisterGivenNumberElementsToBeProduced">
                  </a> <!-- untested_spec308_blackbox_requestMustRegisterGivenNumberElementsToBeProduced -->
                  <span class="method-name">untested_spec308_blackbox_requestMustRegisterGivenNumberElementsToBeProduced</span>
                  <div class="stack-trace">org.testng.SkipException: Not verified using this TCK.
	at org.reactivestreams.tck.SubscriberBlackboxVerification.notVerified(SubscriberBlackboxVerification.java:507)
	at org.reactivestreams.tck.SubscriberBlackboxVerification.untested_spec308_blackbox_requestMustRegisterGivenNumberElementsToBeProduced(SubscriberBlackboxVerification.java:406)
	at java.base/jdk.internal.reflect.NativeMethodAccessorImpl.invoke0(Native Method)
	at java.base/jdk.internal.reflect.NativeMethodAccessorImpl.invoke(NativeMethodAccessorImpl.java:62)
	at java.base/jdk.internal.reflect.DelegatingMethodAccessorImpl.invoke(DelegatingMethodAccessorImpl.java:43)
	at java.base/java.lang.reflect.Method.invoke(Method.java:566)
	at org.testng.internal.MethodInvocationHelper.invokeMethod(MethodInvocationHelper.java:132)
	at org.testng.internal.TestInvoker.invokeMethod(TestInvoker.java:599)
	at org.testng.internal.TestInvoker.invokeTestMethod(TestInvoker.java:174)
	at org.testng.internal.MethodRunner.runInSequence(MethodRunner.java:46)
	at org.testng.internal.TestInvoker$MethodInvocationAgent.invoke(TestInvoker.java:822)
	at org.testng.internal.TestInvoker.invokeTestMethods(TestInvoker.java:147)
	at org.testng.internal.TestMethodWorker.invokeTestMethods(TestMethodWorker.java:146)
	at org.testng.internal.TestMethodWorker.run(TestMethodWorker.java:128)
	at java.base/java.util.ArrayList.forEach(ArrayList.java:1541)
	at org.testng.TestRunner.privateRun(TestRunner.java:764)
	at org.testng.TestRunner.run(TestRunner.java:585)
	at org.testng.SuiteRunner.runTest(SuiteRunner.java:384)
	at org.testng.SuiteRunner.runSequentially(SuiteRunner.java:378)
	at org.testng.SuiteRunner.privateRun(SuiteRunner.java:337)
	at org.testng.SuiteRunner.run(SuiteRunner.java:286)
	at org.testng.SuiteRunnerWorker.runSuite(SuiteRunnerWorker.java:53)
	at org.testng.SuiteRunnerWorker.run(SuiteRunnerWorker.java:96)
	at org.testng.TestNG.runSuitesSequentially(TestNG.java:1218)
	at org.testng.TestNG.runSuitesLocally(TestNG.java:1140)
	at org.testng.TestNG.runSuites(TestNG.java:1069)
	at org.testng.TestNG.run(TestNG.java:1037)
	at org.testng.remote.AbstractRemoteTestNG.run(AbstractRemoteTestNG.java:115)
	at org.testng.remote.RemoteTestNG.initAndRun(RemoteTestNG.java:251)
	at org.testng.remote.RemoteTestNG.main(RemoteTestNG.java:77)

</div> <!-- stack-trace -->
                </div> <!-- method-content -->
              </div> <!-- method -->
              <div class="method">
                <div class="method-content">
                  <a name="untested_spec310_blackbox_requestMaySynchronouslyCallOnNextOnSubscriber">
                  </a> <!-- untested_spec310_blackbox_requestMaySynchronouslyCallOnNextOnSubscriber -->
                  <span class="method-name">untested_spec310_blackbox_requestMaySynchronouslyCallOnNextOnSubscriber</span>
                  <div class="stack-trace">org.testng.SkipException: Not verified using this TCK.
	at org.reactivestreams.tck.SubscriberBlackboxVerification.notVerified(SubscriberBlackboxVerification.java:507)
	at org.reactivestreams.tck.SubscriberBlackboxVerification.untested_spec310_blackbox_requestMaySynchronouslyCallOnNextOnSubscriber(SubscriberBlackboxVerification.java:411)
	at java.base/jdk.internal.reflect.NativeMethodAccessorImpl.invoke0(Native Method)
	at java.base/jdk.internal.reflect.NativeMethodAccessorImpl.invoke(NativeMethodAccessorImpl.java:62)
	at java.base/jdk.internal.reflect.DelegatingMethodAccessorImpl.invoke(DelegatingMethodAccessorImpl.java:43)
	at java.base/java.lang.reflect.Method.invoke(Method.java:566)
	at org.testng.internal.MethodInvocationHelper.invokeMethod(MethodInvocationHelper.java:132)
	at org.testng.internal.TestInvoker.invokeMethod(TestInvoker.java:599)
	at org.testng.internal.TestInvoker.invokeTestMethod(TestInvoker.java:174)
	at org.testng.internal.MethodRunner.runInSequence(MethodRunner.java:46)
	at org.testng.internal.TestInvoker$MethodInvocationAgent.invoke(TestInvoker.java:822)
	at org.testng.internal.TestInvoker.invokeTestMethods(TestInvoker.java:147)
	at org.testng.internal.TestMethodWorker.invokeTestMethods(TestMethodWorker.java:146)
	at org.testng.internal.TestMethodWorker.run(TestMethodWorker.java:128)
	at java.base/java.util.ArrayList.forEach(ArrayList.java:1541)
	at org.testng.TestRunner.privateRun(TestRunner.java:764)
	at org.testng.TestRunner.run(TestRunner.java:585)
	at org.testng.SuiteRunner.runTest(SuiteRunner.java:384)
	at org.testng.SuiteRunner.runSequentially(SuiteRunner.java:378)
	at org.testng.SuiteRunner.privateRun(SuiteRunner.java:337)
	at org.testng.SuiteRunner.run(SuiteRunner.java:286)
	at org.testng.SuiteRunnerWorker.runSuite(SuiteRunnerWorker.java:53)
	at org.testng.SuiteRunnerWorker.run(SuiteRunnerWorker.java:96)
	at org.testng.TestNG.runSuitesSequentially(TestNG.java:1218)
	at org.testng.TestNG.runSuitesLocally(TestNG.java:1140)
	at org.testng.TestNG.runSuites(TestNG.java:1069)
	at org.testng.TestNG.run(TestNG.java:1037)
	at org.testng.remote.AbstractRemoteTestNG.run(AbstractRemoteTestNG.java:115)
	at org.testng.remote.RemoteTestNG.initAndRun(RemoteTestNG.java:251)
	at org.testng.remote.RemoteTestNG.main(RemoteTestNG.java:77)

</div> <!-- stack-trace -->
                </div> <!-- method-content -->
              </div> <!-- method -->
              <div class="method">
                <div class="method-content">
                  <a name="untested_spec311_blackbox_requestMaySynchronouslyCallOnCompleteOrOnError">
                  </a> <!-- untested_spec311_blackbox_requestMaySynchronouslyCallOnCompleteOrOnError -->
                  <span class="method-name">untested_spec311_blackbox_requestMaySynchronouslyCallOnCompleteOrOnError</span>
                  <div class="stack-trace">org.testng.SkipException: Not verified using this TCK.
	at org.reactivestreams.tck.SubscriberBlackboxVerification.notVerified(SubscriberBlackboxVerification.java:507)
	at org.reactivestreams.tck.SubscriberBlackboxVerification.untested_spec311_blackbox_requestMaySynchronouslyCallOnCompleteOrOnError(SubscriberBlackboxVerification.java:416)
	at java.base/jdk.internal.reflect.NativeMethodAccessorImpl.invoke0(Native Method)
	at java.base/jdk.internal.reflect.NativeMethodAccessorImpl.invoke(NativeMethodAccessorImpl.java:62)
	at java.base/jdk.internal.reflect.DelegatingMethodAccessorImpl.invoke(DelegatingMethodAccessorImpl.java:43)
	at java.base/java.lang.reflect.Method.invoke(Method.java:566)
	at org.testng.internal.MethodInvocationHelper.invokeMethod(MethodInvocationHelper.java:132)
	at org.testng.internal.TestInvoker.invokeMethod(TestInvoker.java:599)
	at org.testng.internal.TestInvoker.invokeTestMethod(TestInvoker.java:174)
	at org.testng.internal.MethodRunner.runInSequence(MethodRunner.java:46)
	at org.testng.internal.TestInvoker$MethodInvocationAgent.invoke(TestInvoker.java:822)
	at org.testng.internal.TestInvoker.invokeTestMethods(TestInvoker.java:147)
	at org.testng.internal.TestMethodWorker.invokeTestMethods(TestMethodWorker.java:146)
	at org.testng.internal.TestMethodWorker.run(TestMethodWorker.java:128)
	at java.base/java.util.ArrayList.forEach(ArrayList.java:1541)
	at org.testng.TestRunner.privateRun(TestRunner.java:764)
	at org.testng.TestRunner.run(TestRunner.java:585)
	at org.testng.SuiteRunner.runTest(SuiteRunner.java:384)
	at org.testng.SuiteRunner.runSequentially(SuiteRunner.java:378)
	at org.testng.SuiteRunner.privateRun(SuiteRunner.java:337)
	at org.testng.SuiteRunner.run(SuiteRunner.java:286)
	at org.testng.SuiteRunnerWorker.runSuite(SuiteRunnerWorker.java:53)
	at org.testng.SuiteRunnerWorker.run(SuiteRunnerWorker.java:96)
	at org.testng.TestNG.runSuitesSequentially(TestNG.java:1218)
	at org.testng.TestNG.runSuitesLocally(TestNG.java:1140)
	at org.testng.TestNG.runSuites(TestNG.java:1069)
	at org.testng.TestNG.run(TestNG.java:1037)
	at org.testng.remote.AbstractRemoteTestNG.run(AbstractRemoteTestNG.java:115)
	at org.testng.remote.RemoteTestNG.initAndRun(RemoteTestNG.java:251)
	at org.testng.remote.RemoteTestNG.main(RemoteTestNG.java:77)

</div> <!-- stack-trace -->
                </div> <!-- method-content -->
              </div> <!-- method -->
              <div class="method">
                <div class="method-content">
                  <a name="untested_spec314_blackbox_cancelMayCauseThePublisherToShutdownIfNoOtherSubscriptionExists">
                  </a> <!-- untested_spec314_blackbox_cancelMayCauseThePublisherToShutdownIfNoOtherSubscriptionExists -->
                  <span class="method-name">untested_spec314_blackbox_cancelMayCauseThePublisherToShutdownIfNoOtherSubscriptionExists</span>
                  <div class="stack-trace">org.testng.SkipException: Not verified using this TCK.
	at org.reactivestreams.tck.SubscriberBlackboxVerification.notVerified(SubscriberBlackboxVerification.java:507)
	at org.reactivestreams.tck.SubscriberBlackboxVerification.untested_spec314_blackbox_cancelMayCauseThePublisherToShutdownIfNoOtherSubscriptionExists(SubscriberBlackboxVerification.java:421)
	at java.base/jdk.internal.reflect.NativeMethodAccessorImpl.invoke0(Native Method)
	at java.base/jdk.internal.reflect.NativeMethodAccessorImpl.invoke(NativeMethodAccessorImpl.java:62)
	at java.base/jdk.internal.reflect.DelegatingMethodAccessorImpl.invoke(DelegatingMethodAccessorImpl.java:43)
	at java.base/java.lang.reflect.Method.invoke(Method.java:566)
	at org.testng.internal.MethodInvocationHelper.invokeMethod(MethodInvocationHelper.java:132)
	at org.testng.internal.TestInvoker.invokeMethod(TestInvoker.java:599)
	at org.testng.internal.TestInvoker.invokeTestMethod(TestInvoker.java:174)
	at org.testng.internal.MethodRunner.runInSequence(MethodRunner.java:46)
	at org.testng.internal.TestInvoker$MethodInvocationAgent.invoke(TestInvoker.java:822)
	at org.testng.internal.TestInvoker.invokeTestMethods(TestInvoker.java:147)
	at org.testng.internal.TestMethodWorker.invokeTestMethods(TestMethodWorker.java:146)
	at org.testng.internal.TestMethodWorker.run(TestMethodWorker.java:128)
	at java.base/java.util.ArrayList.forEach(ArrayList.java:1541)
	at org.testng.TestRunner.privateRun(TestRunner.java:764)
	at org.testng.TestRunner.run(TestRunner.java:585)
	at org.testng.SuiteRunner.runTest(SuiteRunner.java:384)
	at org.testng.SuiteRunner.runSequentially(SuiteRunner.java:378)
	at org.testng.SuiteRunner.privateRun(SuiteRunner.java:337)
	at org.testng.SuiteRunner.run(SuiteRunner.java:286)
	at org.testng.SuiteRunnerWorker.runSuite(SuiteRunnerWorker.java:53)
	at org.testng.SuiteRunnerWorker.run(SuiteRunnerWorker.java:96)
	at org.testng.TestNG.runSuitesSequentially(TestNG.java:1218)
	at org.testng.TestNG.runSuitesLocally(TestNG.java:1140)
	at org.testng.TestNG.runSuites(TestNG.java:1069)
	at org.testng.TestNG.run(TestNG.java:1037)
	at org.testng.remote.AbstractRemoteTestNG.run(AbstractRemoteTestNG.java:115)
	at org.testng.remote.RemoteTestNG.initAndRun(RemoteTestNG.java:251)
	at org.testng.remote.RemoteTestNG.main(RemoteTestNG.java:77)

</div> <!-- stack-trace -->
                </div> <!-- method-content -->
              </div> <!-- method -->
              <div class="method">
                <div class="method-content">
                  <a name="untested_spec315_blackbox_cancelMustNotThrowExceptionAndMustSignalOnError">
                  </a> <!-- untested_spec315_blackbox_cancelMustNotThrowExceptionAndMustSignalOnError -->
                  <span class="method-name">untested_spec315_blackbox_cancelMustNotThrowExceptionAndMustSignalOnError</span>
                  <div class="stack-trace">org.testng.SkipException: Not verified using this TCK.
	at org.reactivestreams.tck.SubscriberBlackboxVerification.notVerified(SubscriberBlackboxVerification.java:507)
	at org.reactivestreams.tck.SubscriberBlackboxVerification.untested_spec315_blackbox_cancelMustNotThrowExceptionAndMustSignalOnError(SubscriberBlackboxVerification.java:426)
	at java.base/jdk.internal.reflect.NativeMethodAccessorImpl.invoke0(Native Method)
	at java.base/jdk.internal.reflect.NativeMethodAccessorImpl.invoke(NativeMethodAccessorImpl.java:62)
	at java.base/jdk.internal.reflect.DelegatingMethodAccessorImpl.invoke(DelegatingMethodAccessorImpl.java:43)
	at java.base/java.lang.reflect.Method.invoke(Method.java:566)
	at org.testng.internal.MethodInvocationHelper.invokeMethod(MethodInvocationHelper.java:132)
	at org.testng.internal.TestInvoker.invokeMethod(TestInvoker.java:599)
	at org.testng.internal.TestInvoker.invokeTestMethod(TestInvoker.java:174)
	at org.testng.internal.MethodRunner.runInSequence(MethodRunner.java:46)
	at org.testng.internal.TestInvoker$MethodInvocationAgent.invoke(TestInvoker.java:822)
	at org.testng.internal.TestInvoker.invokeTestMethods(TestInvoker.java:147)
	at org.testng.internal.TestMethodWorker.invokeTestMethods(TestMethodWorker.java:146)
	at org.testng.internal.TestMethodWorker.run(TestMethodWorker.java:128)
	at java.base/java.util.ArrayList.forEach(ArrayList.java:1541)
	at org.testng.TestRunner.privateRun(TestRunner.java:764)
	at org.testng.TestRunner.run(TestRunner.java:585)
	at org.testng.SuiteRunner.runTest(SuiteRunner.java:384)
	at org.testng.SuiteRunner.runSequentially(SuiteRunner.java:378)
	at org.testng.SuiteRunner.privateRun(SuiteRunner.java:337)
	at org.testng.SuiteRunner.run(SuiteRunner.java:286)
	at org.testng.SuiteRunnerWorker.runSuite(SuiteRunnerWorker.java:53)
	at org.testng.SuiteRunnerWorker.run(SuiteRunnerWorker.java:96)
	at org.testng.TestNG.runSuitesSequentially(TestNG.java:1218)
	at org.testng.TestNG.runSuitesLocally(TestNG.java:1140)
	at org.testng.TestNG.runSuites(TestNG.java:1069)
	at org.testng.TestNG.run(TestNG.java:1037)
	at org.testng.remote.AbstractRemoteTestNG.run(AbstractRemoteTestNG.java:115)
	at org.testng.remote.RemoteTestNG.initAndRun(RemoteTestNG.java:251)
	at org.testng.remote.RemoteTestNG.main(RemoteTestNG.java:77)

</div> <!-- stack-trace -->
                </div> <!-- method-content -->
              </div> <!-- method -->
              <div class="method">
                <div class="method-content">
                  <a name="untested_spec316_blackbox_requestMustNotThrowExceptionAndMustOnErrorTheSubscriber">
                  </a> <!-- untested_spec316_blackbox_requestMustNotThrowExceptionAndMustOnErrorTheSubscriber -->
                  <span class="method-name">untested_spec316_blackbox_requestMustNotThrowExceptionAndMustOnErrorTheSubscriber</span>
                  <div class="stack-trace">org.testng.SkipException: Not verified using this TCK.
	at org.reactivestreams.tck.SubscriberBlackboxVerification.notVerified(SubscriberBlackboxVerification.java:507)
	at org.reactivestreams.tck.SubscriberBlackboxVerification.untested_spec316_blackbox_requestMustNotThrowExceptionAndMustOnErrorTheSubscriber(SubscriberBlackboxVerification.java:431)
	at java.base/jdk.internal.reflect.NativeMethodAccessorImpl.invoke0(Native Method)
	at java.base/jdk.internal.reflect.NativeMethodAccessorImpl.invoke(NativeMethodAccessorImpl.java:62)
	at java.base/jdk.internal.reflect.DelegatingMethodAccessorImpl.invoke(DelegatingMethodAccessorImpl.java:43)
	at java.base/java.lang.reflect.Method.invoke(Method.java:566)
	at org.testng.internal.MethodInvocationHelper.invokeMethod(MethodInvocationHelper.java:132)
	at org.testng.internal.TestInvoker.invokeMethod(TestInvoker.java:599)
	at org.testng.internal.TestInvoker.invokeTestMethod(TestInvoker.java:174)
	at org.testng.internal.MethodRunner.runInSequence(MethodRunner.java:46)
	at org.testng.internal.TestInvoker$MethodInvocationAgent.invoke(TestInvoker.java:822)
	at org.testng.internal.TestInvoker.invokeTestMethods(TestInvoker.java:147)
	at org.testng.internal.TestMethodWorker.invokeTestMethods(TestMethodWorker.java:146)
	at org.testng.internal.TestMethodWorker.run(TestMethodWorker.java:128)
	at java.base/java.util.ArrayList.forEach(ArrayList.java:1541)
	at org.testng.TestRunner.privateRun(TestRunner.java:764)
	at org.testng.TestRunner.run(TestRunner.java:585)
	at org.testng.SuiteRunner.runTest(SuiteRunner.java:384)
	at org.testng.SuiteRunner.runSequentially(SuiteRunner.java:378)
	at org.testng.SuiteRunner.privateRun(SuiteRunner.java:337)
	at org.testng.SuiteRunner.run(SuiteRunner.java:286)
	at org.testng.SuiteRunnerWorker.runSuite(SuiteRunnerWorker.java:53)
	at org.testng.SuiteRunnerWorker.run(SuiteRunnerWorker.java:96)
	at org.testng.TestNG.runSuitesSequentially(TestNG.java:1218)
	at org.testng.TestNG.runSuitesLocally(TestNG.java:1140)
	at org.testng.TestNG.runSuites(TestNG.java:1069)
	at org.testng.TestNG.run(TestNG.java:1037)
	at org.testng.remote.AbstractRemoteTestNG.run(AbstractRemoteTestNG.java:115)
	at org.testng.remote.RemoteTestNG.initAndRun(RemoteTestNG.java:251)
	at org.testng.remote.RemoteTestNG.main(RemoteTestNG.java:77)

</div> <!-- stack-trace -->
                </div> <!-- method-content -->
              </div> <!-- method -->
            </div> <!-- main-panel-content rounded-window-bottom -->
          </div> <!-- suite-Default_suite-class-skipped -->
          <div class="suite-Default_suite-class-passed">
            <div class="main-panel-header rounded-window-top">
              <img src="passed.png"/>
              <span class="class-name">com.myapp.spring.NumberSubscriberVerification</span>
            </div> <!-- main-panel-header rounded-window-top -->
            <div class="main-panel-content rounded-window-bottom">
              <div class="method">
                <div class="method-content">
                  <a name="required_spec201_blackbox_mustSignalDemandViaSubscriptionRequest">
                  </a> <!-- required_spec201_blackbox_mustSignalDemandViaSubscriptionRequest -->
                  <span class="method-name">required_spec201_blackbox_mustSignalDemandViaSubscriptionRequest</span>
                </div> <!-- method-content -->
              </div> <!-- method -->
              <div class="method">
                <div class="method-content">
                  <a name="required_spec203_blackbox_mustNotCallMethodsOnSubscriptionOrPublisherInOnComplete">
                  </a> <!-- required_spec203_blackbox_mustNotCallMethodsOnSubscriptionOrPublisherInOnComplete -->
                  <span class="method-name">required_spec203_blackbox_mustNotCallMethodsOnSubscriptionOrPublisherInOnComplete</span>
                </div> <!-- method-content -->
              </div> <!-- method -->
              <div class="method">
                <div class="method-content">
                  <a name="required_spec203_blackbox_mustNotCallMethodsOnSubscriptionOrPublisherInOnError">
                  </a> <!-- required_spec203_blackbox_mustNotCallMethodsOnSubscriptionOrPublisherInOnError -->
                  <span class="method-name">required_spec203_blackbox_mustNotCallMethodsOnSubscriptionOrPublisherInOnError</span>
                </div> <!-- method-content -->
              </div> <!-- method -->
              <div class="method">
                <div class="method-content">
                  <a name="required_spec209_blackbox_mustBePreparedToReceiveAnOnCompleteSignalWithPrecedingRequestCall">
                  </a> <!-- required_spec209_blackbox_mustBePreparedToReceiveAnOnCompleteSignalWithPrecedingRequestCall -->
                  <span class="method-name">required_spec209_blackbox_mustBePreparedToReceiveAnOnCompleteSignalWithPrecedingRequestCall</span>
                </div> <!-- method-content -->
              </div> <!-- method -->
              <div class="method">
                <div class="method-content">
                  <a name="required_spec209_blackbox_mustBePreparedToReceiveAnOnCompleteSignalWithoutPrecedingRequestCall">
                  </a> <!-- required_spec209_blackbox_mustBePreparedToReceiveAnOnCompleteSignalWithoutPrecedingRequestCall -->
                  <span class="method-name">required_spec209_blackbox_mustBePreparedToReceiveAnOnCompleteSignalWithoutPrecedingRequestCall</span>
                </div> <!-- method-content -->
              </div> <!-- method -->
              <div class="method">
                <div class="method-content">
                  <a name="required_spec210_blackbox_mustBePreparedToReceiveAnOnErrorSignalWithPrecedingRequestCall">
                  </a> <!-- required_spec210_blackbox_mustBePreparedToReceiveAnOnErrorSignalWithPrecedingRequestCall -->
                  <span class="method-name">required_spec210_blackbox_mustBePreparedToReceiveAnOnErrorSignalWithPrecedingRequestCall</span>
                </div> <!-- method-content -->
              </div> <!-- method -->
              <div class="method">
                <div class="method-content">
                  <a name="required_spec210_blackbox_mustBePreparedToReceiveAnOnErrorSignalWithoutPrecedingRequestCall">
                  </a> <!-- required_spec210_blackbox_mustBePreparedToReceiveAnOnErrorSignalWithoutPrecedingRequestCall -->
                  <span class="method-name">required_spec210_blackbox_mustBePreparedToReceiveAnOnErrorSignalWithoutPrecedingRequestCall</span>
                </div> <!-- method-content -->
              </div> <!-- method -->
              <div class="method">
                <div class="method-content">
                  <a name="required_spec213_blackbox_onError_mustThrowNullPointerExceptionWhenParametersAreNull">
                  </a> <!-- required_spec213_blackbox_onError_mustThrowNullPointerExceptionWhenParametersAreNull -->
                  <span class="method-name">required_spec213_blackbox_onError_mustThrowNullPointerExceptionWhenParametersAreNull</span>
                </div> <!-- method-content -->
              </div> <!-- method -->
              <div class="method">
                <div class="method-content">
                  <a name="required_spec213_blackbox_onSubscribe_mustThrowNullPointerExceptionWhenParametersAreNull">
                  </a> <!-- required_spec213_blackbox_onSubscribe_mustThrowNullPointerExceptionWhenParametersAreNull -->
                  <span class="method-name">required_spec213_blackbox_onSubscribe_mustThrowNullPointerExceptionWhenParametersAreNull</span>
                </div> <!-- method-content -->
              </div> <!-- method -->
            </div> <!-- main-panel-content rounded-window-bottom -->
          </div> <!-- suite-Default_suite-class-passed -->
        </div> <!-- panel Default_suite -->
        <div panel-name="test-xml-Default_suite" class="panel">
          <div class="main-panel-header rounded-window-top">
            <span class="header-content">/private/var/folders/n3/xc4c1dbx2831wc09k6vwjzf00000gn/T/testng-eclipse--135771576/testng-customsuite.xml</span>
          </div> <!-- main-panel-header rounded-window-top -->
          <div class="main-panel-content rounded-window-bottom">
            <pre>
&lt;?xml version=&quot;1.0&quot; encoding=&quot;UTF-8&quot;?&gt;
&lt;!DOCTYPE suite SYSTEM &quot;https://testng.org/testng-1.0.dtd&quot;&gt;
&lt;suite name=&quot;Default suite&quot; guice-stage=&quot;DEVELOPMENT&quot;&gt;
  &lt;test thread-count=&quot;5&quot; name=&quot;Default test&quot; verbose=&quot;2&quot;&gt;
    &lt;classes&gt;
      &lt;class name=&quot;com.myapp.spring.NumberSubscriberVerification&quot;/&gt;
    &lt;/classes&gt;
  &lt;/test&gt; &lt;!-- Default test --&gt;
&lt;/suite&gt; &lt;!-- Default suite --&gt;
            </pre>
          </div> <!-- main-panel-content rounded-window-bottom -->
        </div> <!-- panel -->
        <div panel-name="testlist-Default_suite" class="panel">
          <div class="main-panel-header rounded-window-top">
            <span class="header-content">Tests for Default suite</span>
          </div> <!-- main-panel-header rounded-window-top -->
          <div class="main-panel-content rounded-window-bottom">
            <ul>
              <li>
                <span class="test-name">Default test (1 class)</span>
              </li>
            </ul>
          </div> <!-- main-panel-content rounded-window-bottom -->
        </div> <!-- panel -->
        <div panel-name="group-Default_suite" class="panel">
          <div class="main-panel-header rounded-window-top">
            <span class="header-content">Groups for Default suite</span>
          </div> <!-- main-panel-header rounded-window-top -->
          <div class="main-panel-content rounded-window-bottom">
          </div> <!-- main-panel-content rounded-window-bottom -->
        </div> <!-- panel -->
        <div panel-name="times-Default_suite" class="panel">
          <div class="main-panel-header rounded-window-top">
            <span class="header-content">Times for Default suite</span>
          </div> <!-- main-panel-header rounded-window-top -->
          <div class="main-panel-content rounded-window-bottom">
            <div class="times-div">
              <script type="text/javascript">
suiteTableInitFunctions.push('tableData_Default_suite');
function tableData_Default_suite() {
var data = new google.visualization.DataTable();
data.addColumn('number', 'Number');
data.addColumn('string', 'Method');
data.addColumn('string', 'Class');
data.addColumn('number', 'Time (ms)');
data.addRows(26);
data.setCell(0, 0, 0)
data.setCell(0, 1, 'required_spec203_blackbox_mustNotCallMethodsOnSubscriptionOrPublisherInOnError')
data.setCell(0, 2, 'com.myapp.spring.NumberSubscriberVerification')
data.setCell(0, 3, 198);
data.setCell(1, 0, 1)
data.setCell(1, 1, 'required_spec205_blackbox_mustCallSubscriptionCancelIfItAlreadyHasAnSubscriptionAndReceivesAnotherOnSubscribeSignal')
data.setCell(1, 2, 'com.myapp.spring.NumberSubscriberVerification')
data.setCell(1, 3, 143);
data.setCell(2, 0, 2)
data.setCell(2, 1, 'required_spec201_blackbox_mustSignalDemandViaSubscriptionRequest')
data.setCell(2, 2, 'com.myapp.spring.NumberSubscriberVerification')
data.setCell(2, 3, 69);
data.setCell(3, 0, 3)
data.setCell(3, 1, 'required_spec209_blackbox_mustBePreparedToReceiveAnOnCompleteSignalWithPrecedingRequestCall')
data.setCell(3, 2, 'com.myapp.spring.NumberSubscriberVerification')
data.setCell(3, 3, 37);
data.setCell(4, 0, 4)
data.setCell(4, 1, 'required_spec209_blackbox_mustBePreparedToReceiveAnOnCompleteSignalWithoutPrecedingRequestCall')
data.setCell(4, 2, 'com.myapp.spring.NumberSubscriberVerification')
data.setCell(4, 3, 29);
data.setCell(5, 0, 5)
data.setCell(5, 1, 'required_spec210_blackbox_mustBePreparedToReceiveAnOnErrorSignalWithoutPrecedingRequestCall')
data.setCell(5, 2, 'com.myapp.spring.NumberSubscriberVerification')
data.setCell(5, 3, 28);
data.setCell(6, 0, 6)
data.setCell(6, 1, 'required_spec203_blackbox_mustNotCallMethodsOnSubscriptionOrPublisherInOnComplete')
data.setCell(6, 2, 'com.myapp.spring.NumberSubscriberVerification')
data.setCell(6, 3, 16);
data.setCell(7, 0, 7)
data.setCell(7, 1, 'required_spec213_blackbox_onNext_mustThrowNullPointerExceptionWhenParametersAreNull')
data.setCell(7, 2, 'com.myapp.spring.NumberSubscriberVerification')
data.setCell(7, 3, 12);
data.setCell(8, 0, 8)
data.setCell(8, 1, 'untested_spec211_blackbox_mustMakeSureThatAllCallsOnItsMethodsHappenBeforeTheProcessingOfTheRespectiveEvents')
data.setCell(8, 2, 'com.myapp.spring.NumberSubscriberVerification')
data.setCell(8, 3, 11);
data.setCell(9, 0, 9)
data.setCell(9, 1, 'required_spec213_blackbox_onSubscribe_mustThrowNullPointerExceptionWhenParametersAreNull')
data.setCell(9, 2, 'com.myapp.spring.NumberSubscriberVerification')
data.setCell(9, 3, 9);
data.setCell(10, 0, 10)
data.setCell(10, 1, 'untested_spec212_blackbox_mustNotCallOnSubscribeMoreThanOnceBasedOnObjectEquality')
data.setCell(10, 2, 'com.myapp.spring.NumberSubscriberVerification')
data.setCell(10, 3, 8);
data.setCell(11, 0, 11)
data.setCell(11, 1, 'required_spec210_blackbox_mustBePreparedToReceiveAnOnErrorSignalWithPrecedingRequestCall')
data.setCell(11, 2, 'com.myapp.spring.NumberSubscriberVerification')
data.setCell(11, 3, 7);
data.setCell(12, 0, 12)
data.setCell(12, 1, 'required_spec213_blackbox_onError_mustThrowNullPointerExceptionWhenParametersAreNull')
data.setCell(12, 2, 'com.myapp.spring.NumberSubscriberVerification')
data.setCell(12, 3, 5);
data.setCell(13, 0, 13)
data.setCell(13, 1, 'untested_spec213_blackbox_failingOnSignalInvocation')
data.setCell(13, 2, 'com.myapp.spring.NumberSubscriberVerification')
data.setCell(13, 3, 3);
data.setCell(14, 0, 14)
data.setCell(14, 1, 'untested_spec206_blackbox_mustCallSubscriptionCancelIfItIsNoLongerValid')
data.setCell(14, 2, 'com.myapp.spring.NumberSubscriberVerification')
data.setCell(14, 3, 3);
data.setCell(15, 0, 15)
data.setCell(15, 1, 'untested_spec202_blackbox_shouldAsynchronouslyDispatch')
data.setCell(15, 2, 'com.myapp.spring.NumberSubscriberVerification')
data.setCell(15, 3, 2);
data.setCell(16, 0, 16)
data.setCell(16, 1, 'untested_spec310_blackbox_requestMaySynchronouslyCallOnNextOnSubscriber')
data.setCell(16, 2, 'com.myapp.spring.NumberSubscriberVerification')
data.setCell(16, 3, 2);
data.setCell(17, 0, 17)
data.setCell(17, 1, 'untested_spec316_blackbox_requestMustNotThrowExceptionAndMustOnErrorTheSubscriber')
data.setCell(17, 2, 'com.myapp.spring.NumberSubscriberVerification')
data.setCell(17, 3, 2);
data.setCell(18, 0, 18)
data.setCell(18, 1, 'untested_spec311_blackbox_requestMaySynchronouslyCallOnCompleteOrOnError')
data.setCell(18, 2, 'com.myapp.spring.NumberSubscriberVerification')
data.setCell(18, 3, 2);
data.setCell(19, 0, 19)
data.setCell(19, 1, 'untested_spec314_blackbox_cancelMayCauseThePublisherToShutdownIfNoOtherSubscriptionExists')
data.setCell(19, 2, 'com.myapp.spring.NumberSubscriberVerification')
data.setCell(19, 3, 1);
data.setCell(20, 0, 20)
data.setCell(20, 1, 'untested_spec308_blackbox_requestMustRegisterGivenNumberElementsToBeProduced')
data.setCell(20, 2, 'com.myapp.spring.NumberSubscriberVerification')
data.setCell(20, 3, 1);
data.setCell(21, 0, 21)
data.setCell(21, 1, 'untested_spec204_blackbox_mustConsiderTheSubscriptionAsCancelledInAfterRecievingOnCompleteOrOnError')
data.setCell(21, 2, 'com.myapp.spring.NumberSubscriberVerification')
data.setCell(21, 3, 1);
data.setCell(22, 0, 22)
data.setCell(22, 1, 'untested_spec207_blackbox_mustEnsureAllCallsOnItsSubscriptionTakePlaceFromTheSameThreadOrTakeCareOfSynchronization')
data.setCell(22, 2, 'com.myapp.spring.NumberSubscriberVerification')
data.setCell(22, 3, 1);
data.setCell(23, 0, 23)
data.setCell(23, 1, 'untested_spec315_blackbox_cancelMustNotThrowExceptionAndMustSignalOnError')
data.setCell(23, 2, 'com.myapp.spring.NumberSubscriberVerification')
data.setCell(23, 3, 1);
data.setCell(24, 0, 24)
data.setCell(24, 1, 'untested_spec301_blackbox_mustNotBeCalledOutsideSubscriberContext')
data.setCell(24, 2, 'com.myapp.spring.NumberSubscriberVerification')
data.setCell(24, 3, 1);
data.setCell(25, 0, 25)
data.setCell(25, 1, 'untested_spec208_blackbox_mustBePreparedToReceiveOnNextSignalsAfterHavingCalledSubscriptionCancel')
data.setCell(25, 2, 'com.myapp.spring.NumberSubscriberVerification')
data.setCell(25, 3, 1);
window.suiteTableData['Default_suite']= { tableData: data, tableDiv: 'times-div-Default_suite'}
return data;
}
              </script>
              <span class="suite-total-time">Total running time: 593 ms</span>
              <div id="times-div-Default_suite">
              </div> <!-- times-div-Default_suite -->
            </div> <!-- times-div -->
          </div> <!-- main-panel-content rounded-window-bottom -->
        </div> <!-- panel -->
        <div panel-name="reporter-Default_suite" class="panel">
          <div class="main-panel-header rounded-window-top">
            <span class="header-content">Reporter output for Default suite</span>
          </div> <!-- main-panel-header rounded-window-top -->
          <div class="main-panel-content rounded-window-bottom">
          </div> <!-- main-panel-content rounded-window-bottom -->
        </div> <!-- panel -->
        <div panel-name="ignored-methods-Default_suite" class="panel">
          <div class="main-panel-header rounded-window-top">
            <span class="header-content">0 ignored methods</span>
          </div> <!-- main-panel-header rounded-window-top -->
          <div class="main-panel-content rounded-window-bottom">
          </div> <!-- main-panel-content rounded-window-bottom -->
        </div> <!-- panel -->
        <div panel-name="chronological-Default_suite" class="panel">
          <div class="main-panel-header rounded-window-top">
            <span class="header-content">Methods in chronological order</span>
          </div> <!-- main-panel-header rounded-window-top -->
          <div class="main-panel-content rounded-window-bottom">
            <div class="chronological-class">
              <div class="chronological-class-name">com.myapp.spring.NumberSubscriberVerification</div> <!-- chronological-class-name -->
              <div class="configuration-class before">
                <span class="method-name">startPublisherExecutorService</span>
                <span class="method-start">0 ms</span>
              </div> <!-- configuration-class before -->
              <div class="configuration-method before">
                <span class="method-name">setUp</span>
                <span class="method-start">28 ms</span>
              </div> <!-- configuration-method before -->
              <div class="test-method">
                <span class="method-name">required_spec201_blackbox_mustSignalDemandViaSubscriptionRequest</span>
                <span class="method-start">30 ms</span>
              </div> <!-- test-method -->
              <div class="configuration-method before">
                <span class="method-name">setUp</span>
                <span class="method-start">117 ms</span>
              </div> <!-- configuration-method before -->
              <div class="test-method">
                <span class="method-name">required_spec203_blackbox_mustNotCallMethodsOnSubscriptionOrPublisherInOnComplete</span>
                <span class="method-start">118 ms</span>
              </div> <!-- test-method -->
              <div class="configuration-method before">
                <span class="method-name">setUp</span>
                <span class="method-start">145 ms</span>
              </div> <!-- configuration-method before -->
              <div class="test-method">
                <span class="method-name">required_spec203_blackbox_mustNotCallMethodsOnSubscriptionOrPublisherInOnError</span>
                <span class="method-start">145 ms</span>
              </div> <!-- test-method -->
              <div class="configuration-method before">
                <span class="method-name">setUp</span>
                <span class="method-start">348 ms</span>
              </div> <!-- configuration-method before -->
              <div class="test-method">
                <img src="failed.png">
                </img>
                <span class="method-name">required_spec205_blackbox_mustCallSubscriptionCancelIfItAlreadyHasAnSubscriptionAndReceivesAnotherOnSubscribeSignal</span>
                <span class="method-start">349 ms</span>
              </div> <!-- test-method -->
              <div class="configuration-method before">
                <span class="method-name">setUp</span>
                <span class="method-start">497 ms</span>
              </div> <!-- configuration-method before -->
              <div class="test-method">
                <span class="method-name">required_spec209_blackbox_mustBePreparedToReceiveAnOnCompleteSignalWithPrecedingRequestCall</span>
                <span class="method-start">497 ms</span>
              </div> <!-- test-method -->
              <div class="configuration-method before">
                <span class="method-name">setUp</span>
                <span class="method-start">537 ms</span>
              </div> <!-- configuration-method before -->
              <div class="test-method">
                <span class="method-name">required_spec209_blackbox_mustBePreparedToReceiveAnOnCompleteSignalWithoutPrecedingRequestCall</span>
                <span class="method-start">537 ms</span>
              </div> <!-- test-method -->
              <div class="configuration-method before">
                <span class="method-name">setUp</span>
                <span class="method-start">573 ms</span>
              </div> <!-- configuration-method before -->
              <div class="test-method">
                <span class="method-name">required_spec210_blackbox_mustBePreparedToReceiveAnOnErrorSignalWithPrecedingRequestCall</span>
                <span class="method-start">573 ms</span>
              </div> <!-- test-method -->
              <div class="configuration-method before">
                <span class="method-name">setUp</span>
                <span class="method-start">581 ms</span>
              </div> <!-- configuration-method before -->
              <div class="test-method">
                <span class="method-name">required_spec210_blackbox_mustBePreparedToReceiveAnOnErrorSignalWithoutPrecedingRequestCall</span>
                <span class="method-start">582 ms</span>
              </div> <!-- test-method -->
              <div class="configuration-method before">
                <span class="method-name">setUp</span>
                <span class="method-start">629 ms</span>
              </div> <!-- configuration-method before -->
              <div class="test-method">
                <span class="method-name">required_spec213_blackbox_onError_mustThrowNullPointerExceptionWhenParametersAreNull</span>
                <span class="method-start">631 ms</span>
              </div> <!-- test-method -->
              <div class="configuration-method before">
                <span class="method-name">setUp</span>
                <span class="method-start">641 ms</span>
              </div> <!-- configuration-method before -->
              <div class="test-method">
                <img src="failed.png">
                </img>
                <span class="method-name">required_spec213_blackbox_onNext_mustThrowNullPointerExceptionWhenParametersAreNull</span>
                <span class="method-start">647 ms</span>
              </div> <!-- test-method -->
              <div class="configuration-method before">
                <span class="method-name">setUp</span>
                <span class="method-start">662 ms</span>
              </div> <!-- configuration-method before -->
              <div class="test-method">
                <span class="method-name">required_spec213_blackbox_onSubscribe_mustThrowNullPointerExceptionWhenParametersAreNull</span>
                <span class="method-start">663 ms</span>
              </div> <!-- test-method -->
              <div class="configuration-method before">
                <span class="method-name">setUp</span>
                <span class="method-start">692 ms</span>
              </div> <!-- configuration-method before -->
              <div class="test-method">
                <span class="method-name">untested_spec202_blackbox_shouldAsynchronouslyDispatch</span>
                <span class="method-start">692 ms</span>
              </div> <!-- test-method -->
              <div class="configuration-method before">
                <span class="method-name">setUp</span>
                <span class="method-start">703 ms</span>
              </div> <!-- configuration-method before -->
              <div class="test-method">
                <span class="method-name">untested_spec204_blackbox_mustConsiderTheSubscriptionAsCancelledInAfterRecievingOnCompleteOrOnError</span>
                <span class="method-start">711 ms</span>
              </div> <!-- test-method -->
              <div class="configuration-method before">
                <span class="method-name">setUp</span>
                <span class="method-start">714 ms</span>
              </div> <!-- configuration-method before -->
              <div class="test-method">
                <span class="method-name">untested_spec206_blackbox_mustCallSubscriptionCancelIfItIsNoLongerValid</span>
                <span class="method-start">714 ms</span>
              </div> <!-- test-method -->
              <div class="configuration-method before">
                <span class="method-name">setUp</span>
                <span class="method-start">719 ms</span>
              </div> <!-- configuration-method before -->
              <div class="test-method">
                <span class="method-name">untested_spec207_blackbox_mustEnsureAllCallsOnItsSubscriptionTakePlaceFromTheSameThreadOrTakeCareOfSynchronization</span>
                <span class="method-start">719 ms</span>
              </div> <!-- test-method -->
              <div class="configuration-method before">
                <span class="method-name">setUp</span>
                <span class="method-start">722 ms</span>
              </div> <!-- configuration-method before -->
              <div class="test-method">
                <span class="method-name">untested_spec208_blackbox_mustBePreparedToReceiveOnNextSignalsAfterHavingCalledSubscriptionCancel</span>
                <span class="method-start">724 ms</span>
              </div> <!-- test-method -->
              <div class="configuration-method before">
                <span class="method-name">setUp</span>
                <span class="method-start">728 ms</span>
              </div> <!-- configuration-method before -->
              <div class="test-method">
                <span class="method-name">untested_spec211_blackbox_mustMakeSureThatAllCallsOnItsMethodsHappenBeforeTheProcessingOfTheRespectiveEvents</span>
                <span class="method-start">729 ms</span>
              </div> <!-- test-method -->
              <div class="configuration-method before">
                <span class="method-name">setUp</span>
                <span class="method-start">760 ms</span>
              </div> <!-- configuration-method before -->
              <div class="test-method">
                <span class="method-name">untested_spec212_blackbox_mustNotCallOnSubscribeMoreThanOnceBasedOnObjectEquality</span>
                <span class="method-start">761 ms</span>
              </div> <!-- test-method -->
              <div class="configuration-method before">
                <span class="method-name">setUp</span>
                <span class="method-start">774 ms</span>
              </div> <!-- configuration-method before -->
              <div class="test-method">
                <span class="method-name">untested_spec213_blackbox_failingOnSignalInvocation</span>
                <span class="method-start">775 ms</span>
              </div> <!-- test-method -->
              <div class="configuration-method before">
                <span class="method-name">setUp</span>
                <span class="method-start">780 ms</span>
              </div> <!-- configuration-method before -->
              <div class="test-method">
                <span class="method-name">untested_spec301_blackbox_mustNotBeCalledOutsideSubscriberContext</span>
                <span class="method-start">780 ms</span>
              </div> <!-- test-method -->
              <div class="configuration-method before">
                <span class="method-name">setUp</span>
                <span class="method-start">784 ms</span>
              </div> <!-- configuration-method before -->
              <div class="test-method">
                <span class="method-name">untested_spec308_blackbox_requestMustRegisterGivenNumberElementsToBeProduced</span>
                <span class="method-start">784 ms</span>
              </div> <!-- test-method -->
              <div class="configuration-method before">
                <span class="method-name">setUp</span>
                <span class="method-start">792 ms</span>
              </div> <!-- configuration-method before -->
              <div class="test-method">
                <span class="method-name">untested_spec310_blackbox_requestMaySynchronouslyCallOnNextOnSubscriber</span>
                <span class="method-start">792 ms</span>
              </div> <!-- test-method -->
              <div class="configuration-method before">
                <span class="method-name">setUp</span>
                <span class="method-start">795 ms</span>
              </div> <!-- configuration-method before -->
              <div class="test-method">
                <span class="method-name">untested_spec311_blackbox_requestMaySynchronouslyCallOnCompleteOrOnError</span>
                <span class="method-start">796 ms</span>
              </div> <!-- test-method -->
              <div class="configuration-method before">
                <span class="method-name">setUp</span>
                <span class="method-start">800 ms</span>
              </div> <!-- configuration-method before -->
              <div class="test-method">
                <span class="method-name">untested_spec314_blackbox_cancelMayCauseThePublisherToShutdownIfNoOtherSubscriptionExists</span>
                <span class="method-start">801 ms</span>
              </div> <!-- test-method -->
              <div class="configuration-method before">
                <span class="method-name">setUp</span>
                <span class="method-start">803 ms</span>
              </div> <!-- configuration-method before -->
              <div class="test-method">
                <span class="method-name">untested_spec315_blackbox_cancelMustNotThrowExceptionAndMustSignalOnError</span>
                <span class="method-start">804 ms</span>
              </div> <!-- test-method -->
              <div class="configuration-method before">
                <span class="method-name">setUp</span>
                <span class="method-start">807 ms</span>
              </div> <!-- configuration-method before -->
              <div class="test-method">
                <span class="method-name">untested_spec316_blackbox_requestMustNotThrowExceptionAndMustOnErrorTheSubscriber</span>
                <span class="method-start">808 ms</span>
              </div> <!-- test-method -->
              <div class="configuration-class after">
                <span class="method-name">shutdownPublisherExecutorService</span>
                <span class="method-start">812 ms</span>
              </div> <!-- configuration-class after -->
          </div> <!-- main-panel-content rounded-window-bottom -->
        </div> <!-- panel -->
      </div> <!-- main-panel-root -->
    </div> <!-- wrapper -->
  </body>
<script type="text/javascript" src="testng-reports2.js"></script>
</html>
